Analysis & Synthesis report for VGA_top_level
Mon Apr 28 15:55:11 2014
Quartus II 64-Bit Version 13.0.1 Build 232 06/12/2013 Service Pack 1 SJ Web Edition


---------------------
; Table of Contents ;
---------------------
  1. Legal Notice
  2. Analysis & Synthesis Summary
  3. Analysis & Synthesis Settings
  4. Parallel Compilation
  5. Analysis & Synthesis Source Files Read
  6. Analysis & Synthesis Resource Usage Summary
  7. Analysis & Synthesis Resource Utilization by Entity
  8. Analysis & Synthesis RAM Summary
  9. Analysis & Synthesis IP Cores Summary
 10. General Register Statistics
 11. Multiplexer Restructuring Statistics (Restructuring Performed)
 12. Source assignments for pixelGenerator:videoGen|colorROM:colors|altsyncram:altsyncram_component|altsyncram_pv71:auto_generated
 13. Parameter Settings for User Entity Instance: pixelGenerator:videoGen|colorROM:colors|altsyncram:altsyncram_component
 14. altsyncram Parameter Settings by Entity Instance
 15. Elapsed Time Per Partition
 16. Analysis & Synthesis Messages



----------------
; Legal Notice ;
----------------
Copyright (C) 1991-2013 Altera Corporation
Your use of Altera Corporation's design tools, logic functions 
and other software and tools, and its AMPP partner logic 
functions, and any output files from any of the foregoing 
(including device programming or simulation files), and any 
associated documentation or information are expressly subject 
to the terms and conditions of the Altera Program License 
Subscription Agreement, Altera MegaCore Function License 
Agreement, or other applicable license agreement, including, 
without limitation, that your use is for the sole purpose of 
programming logic devices manufactured by Altera and sold by 
Altera or its authorized distributors.  Please refer to the 
applicable agreement for further details.



+--------------------------------------------------------------------------------------+
; Analysis & Synthesis Summary                                                         ;
+------------------------------------+-------------------------------------------------+
; Analysis & Synthesis Status        ; Successful - Mon Apr 28 15:55:11 2014           ;
; Quartus II 64-Bit Version          ; 13.0.1 Build 232 06/12/2013 SP 1 SJ Web Edition ;
; Revision Name                      ; VGA_top_level                                   ;
; Top-level Entity Name              ; VGA_top_level                                   ;
; Family                             ; Cyclone II                                      ;
; Total logic elements               ; 64                                              ;
;     Total combinational functions  ; 62                                              ;
;     Dedicated logic registers      ; 30                                              ;
; Total registers                    ; 30                                              ;
; Total pins                         ; 36                                              ;
; Total virtual pins                 ; 0                                               ;
; Total memory bits                  ; 240                                             ;
; Embedded Multiplier 9-bit elements ; 0                                               ;
; Total PLLs                         ; 0                                               ;
+------------------------------------+-------------------------------------------------+


+----------------------------------------------------------------------------------------------------------------------+
; Analysis & Synthesis Settings                                                                                        ;
+----------------------------------------------------------------------------+--------------------+--------------------+
; Option                                                                     ; Setting            ; Default Value      ;
+----------------------------------------------------------------------------+--------------------+--------------------+
; Device                                                                     ; EP2C35F672C6       ;                    ;
; Top-level entity name                                                      ; VGA_top_level      ; VGA_top_level      ;
; Family name                                                                ; Cyclone II         ; Cyclone IV GX      ;
; Use smart compilation                                                      ; Off                ; Off                ;
; Enable parallel Assembler and TimeQuest Timing Analyzer during compilation ; On                 ; On                 ;
; Enable compact report table                                                ; Off                ; Off                ;
; Restructure Multiplexers                                                   ; Auto               ; Auto               ;
; Create Debugging Nodes for IP Cores                                        ; Off                ; Off                ;
; Preserve fewer node names                                                  ; On                 ; On                 ;
; Disable OpenCore Plus hardware evaluation                                  ; Off                ; Off                ;
; Verilog Version                                                            ; Verilog_2001       ; Verilog_2001       ;
; VHDL Version                                                               ; VHDL_1993          ; VHDL_1993          ;
; State Machine Processing                                                   ; Auto               ; Auto               ;
; Safe State Machine                                                         ; Off                ; Off                ;
; Extract Verilog State Machines                                             ; On                 ; On                 ;
; Extract VHDL State Machines                                                ; On                 ; On                 ;
; Ignore Verilog initial constructs                                          ; Off                ; Off                ;
; Iteration limit for constant Verilog loops                                 ; 5000               ; 5000               ;
; Iteration limit for non-constant Verilog loops                             ; 250                ; 250                ;
; Add Pass-Through Logic to Inferred RAMs                                    ; On                 ; On                 ;
; Infer RAMs from Raw Logic                                                  ; On                 ; On                 ;
; Parallel Synthesis                                                         ; On                 ; On                 ;
; DSP Block Balancing                                                        ; Auto               ; Auto               ;
; NOT Gate Push-Back                                                         ; On                 ; On                 ;
; Power-Up Don't Care                                                        ; On                 ; On                 ;
; Remove Redundant Logic Cells                                               ; Off                ; Off                ;
; Remove Duplicate Registers                                                 ; On                 ; On                 ;
; Ignore CARRY Buffers                                                       ; Off                ; Off                ;
; Ignore CASCADE Buffers                                                     ; Off                ; Off                ;
; Ignore GLOBAL Buffers                                                      ; Off                ; Off                ;
; Ignore ROW GLOBAL Buffers                                                  ; Off                ; Off                ;
; Ignore LCELL Buffers                                                       ; Off                ; Off                ;
; Ignore SOFT Buffers                                                        ; On                 ; On                 ;
; Limit AHDL Integers to 32 Bits                                             ; Off                ; Off                ;
; Optimization Technique                                                     ; Balanced           ; Balanced           ;
; Carry Chain Length                                                         ; 70                 ; 70                 ;
; Auto Carry Chains                                                          ; On                 ; On                 ;
; Auto Open-Drain Pins                                                       ; On                 ; On                 ;
; Perform WYSIWYG Primitive Resynthesis                                      ; Off                ; Off                ;
; Auto ROM Replacement                                                       ; On                 ; On                 ;
; Auto RAM Replacement                                                       ; On                 ; On                 ;
; Auto Shift Register Replacement                                            ; Auto               ; Auto               ;
; Allow Shift Register Merging across Hierarchies                            ; Auto               ; Auto               ;
; Auto Clock Enable Replacement                                              ; On                 ; On                 ;
; Strict RAM Replacement                                                     ; Off                ; Off                ;
; Allow Synchronous Control Signals                                          ; On                 ; On                 ;
; Force Use of Synchronous Clear Signals                                     ; Off                ; Off                ;
; Auto RAM to Logic Cell Conversion                                          ; Off                ; Off                ;
; Auto Resource Sharing                                                      ; Off                ; Off                ;
; Allow Any RAM Size For Recognition                                         ; Off                ; Off                ;
; Allow Any ROM Size For Recognition                                         ; Off                ; Off                ;
; Allow Any Shift Register Size For Recognition                              ; Off                ; Off                ;
; Use LogicLock Constraints during Resource Balancing                        ; On                 ; On                 ;
; Ignore translate_off and synthesis_off directives                          ; Off                ; Off                ;
; Timing-Driven Synthesis                                                    ; Off                ; Off                ;
; Report Parameter Settings                                                  ; On                 ; On                 ;
; Report Source Assignments                                                  ; On                 ; On                 ;
; Report Connectivity Checks                                                 ; On                 ; On                 ;
; Ignore Maximum Fan-Out Assignments                                         ; Off                ; Off                ;
; Synchronization Register Chain Length                                      ; 2                  ; 2                  ;
; PowerPlay Power Optimization                                               ; Normal compilation ; Normal compilation ;
; HDL message level                                                          ; Level2             ; Level2             ;
; Suppress Register Optimization Related Messages                            ; Off                ; Off                ;
; Number of Removed Registers Reported in Synthesis Report                   ; 5000               ; 5000               ;
; Number of Swept Nodes Reported in Synthesis Report                         ; 5000               ; 5000               ;
; Number of Inverted Registers Reported in Synthesis Report                  ; 100                ; 100                ;
; Clock MUX Protection                                                       ; On                 ; On                 ;
; Auto Gated Clock Conversion                                                ; Off                ; Off                ;
; Block Design Naming                                                        ; Auto               ; Auto               ;
; SDC constraint protection                                                  ; Off                ; Off                ;
; Synthesis Effort                                                           ; Auto               ; Auto               ;
; Shift Register Replacement - Allow Asynchronous Clear Signal               ; On                 ; On                 ;
; Pre-Mapping Resynthesis Optimization                                       ; Off                ; Off                ;
; Analysis & Synthesis Message Level                                         ; Medium             ; Medium             ;
; Disable Register Merging Across Hierarchies                                ; Auto               ; Auto               ;
; Resource Aware Inference For Block RAM                                     ; On                 ; On                 ;
; Synthesis Seed                                                             ; 1                  ; 1                  ;
+----------------------------------------------------------------------------+--------------------+--------------------+


Parallel compilation was disabled, but you have multiple processors available. Enable parallel compilation to reduce compilation time.
+-------------------------------------+
; Parallel Compilation                ;
+----------------------------+--------+
; Processors                 ; Number ;
+----------------------------+--------+
; Number detected on machine ; 2      ;
; Maximum allowed            ; 1      ;
+----------------------------+--------+


+------------------------------------------------------------------------------------------------------------------------------------------------------------------------------------------------------------+
; Analysis & Synthesis Source Files Read                                                                                                                                                                     ;
+----------------------------------+-----------------+----------------------------------------+----------------------------------------------------------------------------------------------------+---------+
; File Name with User-Entered Path ; Used in Netlist ; File Type                              ; File Name with Absolute Path                                                                       ; Library ;
+----------------------------------+-----------------+----------------------------------------+----------------------------------------------------------------------------------------------------+---------+
; VGA_top_level.vhd                ; yes             ; User VHDL File                         ; //psf/Home/Desktop/EECS/Coursework/EECS 355/miniprojectVGA/Mini_project_vga/VGA_top_level.vhd      ;         ;
; colorROM.vhd                     ; yes             ; User Wizard-Generated File             ; //psf/Home/Desktop/EECS/Coursework/EECS 355/miniprojectVGA/Mini_project_vga/colorROM.vhd           ;         ;
; pixelGenerator.vhd               ; yes             ; User VHDL File                         ; //psf/Home/Desktop/EECS/Coursework/EECS 355/miniprojectVGA/Mini_project_vga/pixelGenerator.vhd     ;         ;
; vga_sync.vhd                     ; yes             ; User VHDL File                         ; //psf/Home/Desktop/EECS/Coursework/EECS 355/miniprojectVGA/Mini_project_vga/vga_sync.vhd           ;         ;
; altsyncram.tdf                   ; yes             ; Megafunction                           ; c:/altera/13.0sp1/quartus/libraries/megafunctions/altsyncram.tdf                                   ;         ;
; stratix_ram_block.inc            ; yes             ; Megafunction                           ; c:/altera/13.0sp1/quartus/libraries/megafunctions/stratix_ram_block.inc                            ;         ;
; lpm_mux.inc                      ; yes             ; Megafunction                           ; c:/altera/13.0sp1/quartus/libraries/megafunctions/lpm_mux.inc                                      ;         ;
; lpm_decode.inc                   ; yes             ; Megafunction                           ; c:/altera/13.0sp1/quartus/libraries/megafunctions/lpm_decode.inc                                   ;         ;
; aglobal130.inc                   ; yes             ; Megafunction                           ; c:/altera/13.0sp1/quartus/libraries/megafunctions/aglobal130.inc                                   ;         ;
; a_rdenreg.inc                    ; yes             ; Megafunction                           ; c:/altera/13.0sp1/quartus/libraries/megafunctions/a_rdenreg.inc                                    ;         ;
; altrom.inc                       ; yes             ; Megafunction                           ; c:/altera/13.0sp1/quartus/libraries/megafunctions/altrom.inc                                       ;         ;
; altram.inc                       ; yes             ; Megafunction                           ; c:/altera/13.0sp1/quartus/libraries/megafunctions/altram.inc                                       ;         ;
; altdpram.inc                     ; yes             ; Megafunction                           ; c:/altera/13.0sp1/quartus/libraries/megafunctions/altdpram.inc                                     ;         ;
; db/altsyncram_pv71.tdf           ; yes             ; Auto-Generated Megafunction            ; //psf/Home/Desktop/EECS/Coursework/EECS 355/miniprojectVGA/Mini_project_vga/db/altsyncram_pv71.tdf ;         ;
; colorrom.mif                     ; yes             ; Auto-Found Memory Initialization File  ; //psf/Home/Desktop/EECS/Coursework/EECS 355/miniprojectVGA/Mini_project_vga/colorrom.mif           ;         ;
+----------------------------------+-----------------+----------------------------------------+----------------------------------------------------------------------------------------------------+---------+


+----------------------------------------------------------------------------------+
; Analysis & Synthesis Resource Usage Summary                                      ;
+---------------------------------------------+------------------------------------+
; Resource                                    ; Usage                              ;
+---------------------------------------------+------------------------------------+
; Estimated Total logic elements              ; 64                                 ;
;                                             ;                                    ;
; Total combinational functions               ; 62                                 ;
; Logic element usage by number of LUT inputs ;                                    ;
;     -- 4 input functions                    ; 31                                 ;
;     -- 3 input functions                    ; 5                                  ;
;     -- <=2 input functions                  ; 26                                 ;
;                                             ;                                    ;
; Logic elements by mode                      ;                                    ;
;     -- normal mode                          ; 44                                 ;
;     -- arithmetic mode                      ; 18                                 ;
;                                             ;                                    ;
; Total registers                             ; 30                                 ;
;     -- Dedicated logic registers            ; 30                                 ;
;     -- I/O registers                        ; 0                                  ;
;                                             ;                                    ;
; I/O pins                                    ; 36                                 ;
; Total memory bits                           ; 240                                ;
; Embedded Multiplier 9-bit elements          ; 0                                  ;
; Maximum fan-out node                        ; VGA_SYNC:videoSync|pixel_clock_int ;
; Maximum fan-out                             ; 58                                 ;
; Total fan-out                               ; 403                                ;
; Average fan-out                             ; 2.55                               ;
+---------------------------------------------+------------------------------------+


+-------------------------------------------------------------------------------------------------------------------------------------------------------------------------------------------------------------------------------------------------------------------------------------------------+
; Analysis & Synthesis Resource Utilization by Entity                                                                                                                                                                                                                                             ;
+----------------------------------------------+-------------------+--------------+-------------+--------------+---------+-----------+------+--------------+-----------------------------------------------------------------------------------------------------------------------+--------------+
; Compilation Hierarchy Node                   ; LC Combinationals ; LC Registers ; Memory Bits ; DSP Elements ; DSP 9x9 ; DSP 18x18 ; Pins ; Virtual Pins ; Full Hierarchy Name                                                                                                   ; Library Name ;
+----------------------------------------------+-------------------+--------------+-------------+--------------+---------+-----------+------+--------------+-----------------------------------------------------------------------------------------------------------------------+--------------+
; |VGA_top_level                               ; 62 (0)            ; 30 (0)       ; 240         ; 0            ; 0       ; 0         ; 36   ; 0            ; |VGA_top_level                                                                                                        ; work         ;
;    |VGA_SYNC:videoSync|                      ; 59 (59)           ; 27 (27)      ; 0           ; 0            ; 0       ; 0         ; 0    ; 0            ; |VGA_top_level|VGA_SYNC:videoSync                                                                                     ; work         ;
;    |pixelGenerator:videoGen|                 ; 3 (3)             ; 3 (3)        ; 240         ; 0            ; 0       ; 0         ; 0    ; 0            ; |VGA_top_level|pixelGenerator:videoGen                                                                                ; work         ;
;       |colorROM:colors|                      ; 0 (0)             ; 0 (0)        ; 240         ; 0            ; 0       ; 0         ; 0    ; 0            ; |VGA_top_level|pixelGenerator:videoGen|colorROM:colors                                                                ; work         ;
;          |altsyncram:altsyncram_component|   ; 0 (0)             ; 0 (0)        ; 240         ; 0            ; 0       ; 0         ; 0    ; 0            ; |VGA_top_level|pixelGenerator:videoGen|colorROM:colors|altsyncram:altsyncram_component                                ; work         ;
;             |altsyncram_pv71:auto_generated| ; 0 (0)             ; 0 (0)        ; 240         ; 0            ; 0       ; 0         ; 0    ; 0            ; |VGA_top_level|pixelGenerator:videoGen|colorROM:colors|altsyncram:altsyncram_component|altsyncram_pv71:auto_generated ; work         ;
+----------------------------------------------+-------------------+--------------+-------------+--------------+---------+-----------+------+--------------+-----------------------------------------------------------------------------------------------------------------------+--------------+
Note: For table entries with two numbers listed, the numbers in parentheses indicate the number of resources of the given type used by the specific entity alone. The numbers listed outside of parentheses indicate the total resources of the given type used by the specific entity and all of its sub-entities in the hierarchy.


+-------------------------------------------------------------------------------------------------------------------------------------------------------------------------------------------------------------------+
; Analysis & Synthesis RAM Summary                                                                                                                                                                                  ;
+-------------------------------------------------------------------------------------------------------------------+------+------+--------------+--------------+--------------+--------------+------+--------------+
; Name                                                                                                              ; Type ; Mode ; Port A Depth ; Port A Width ; Port B Depth ; Port B Width ; Size ; MIF          ;
+-------------------------------------------------------------------------------------------------------------------+------+------+--------------+--------------+--------------+--------------+------+--------------+
; pixelGenerator:videoGen|colorROM:colors|altsyncram:altsyncram_component|altsyncram_pv71:auto_generated|ALTSYNCRAM ; AUTO ; ROM  ; 8            ; 30           ; --           ; --           ; 240  ; colorROM.mif ;
+-------------------------------------------------------------------------------------------------------------------+------+------+--------------+--------------+--------------+--------------+------+--------------+


+-------------------------------------------------------------------------------------------------------------------------------------------------------------------------------------------------------------------+
; Analysis & Synthesis IP Cores Summary                                                                                                                                                                             ;
+--------+--------------+---------+--------------+--------------+--------------------------------------------------------+------------------------------------------------------------------------------------------+
; Vendor ; IP Core Name ; Version ; Release Date ; License Type ; Entity Instance                                        ; IP Include File                                                                          ;
+--------+--------------+---------+--------------+--------------+--------------------------------------------------------+------------------------------------------------------------------------------------------+
; Altera ; ROM: 1-PORT  ; N/A     ; N/A          ; N/A          ; |VGA_top_level|pixelGenerator:videoGen|colorROM:colors ; //psf/Home/Desktop/EECS/Coursework/EECS 355/miniprojectVGA/Mini_project_vga/colorROM.vhd ;
+--------+--------------+---------+--------------+--------------+--------------------------------------------------------+------------------------------------------------------------------------------------------+


+------------------------------------------------------+
; General Register Statistics                          ;
+----------------------------------------------+-------+
; Statistic                                    ; Value ;
+----------------------------------------------+-------+
; Total registers                              ; 30    ;
; Number of registers using Synchronous Clear  ; 0     ;
; Number of registers using Synchronous Load   ; 0     ;
; Number of registers using Asynchronous Clear ; 0     ;
; Number of registers using Asynchronous Load  ; 0     ;
; Number of registers using Clock Enable       ; 2     ;
; Number of registers using Preset             ; 0     ;
+----------------------------------------------+-------+


+------------------------------------------------------------------------------------------------------------------------------------------------------------+
; Multiplexer Restructuring Statistics (Restructuring Performed)                                                                                             ;
+--------------------+-----------+---------------+----------------------+------------------------+------------+----------------------------------------------+
; Multiplexer Inputs ; Bus Width ; Baseline Area ; Area if Restructured ; Saving if Restructured ; Registered ; Example Multiplexer Output                   ;
+--------------------+-----------+---------------+----------------------+------------------------+------------+----------------------------------------------+
; 3:1                ; 10 bits   ; 20 LEs        ; 10 LEs               ; 10 LEs                 ; Yes        ; |VGA_top_level|VGA_SYNC:videoSync|v_count[9] ;
+--------------------+-----------+---------------+----------------------+------------------------+------------+----------------------------------------------+


+-------------------------------------------------------------------------------------------------------------------------------+
; Source assignments for pixelGenerator:videoGen|colorROM:colors|altsyncram:altsyncram_component|altsyncram_pv71:auto_generated ;
+---------------------------------+--------------------+------+-----------------------------------------------------------------+
; Assignment                      ; Value              ; From ; To                                                              ;
+---------------------------------+--------------------+------+-----------------------------------------------------------------+
; OPTIMIZE_POWER_DURING_SYNTHESIS ; NORMAL_COMPILATION ; -    ; -                                                               ;
+---------------------------------+--------------------+------+-----------------------------------------------------------------+


+----------------------------------------------------------------------------------------------------------------------+
; Parameter Settings for User Entity Instance: pixelGenerator:videoGen|colorROM:colors|altsyncram:altsyncram_component ;
+------------------------------------+----------------------+----------------------------------------------------------+
; Parameter Name                     ; Value                ; Type                                                     ;
+------------------------------------+----------------------+----------------------------------------------------------+
; BYTE_SIZE_BLOCK                    ; 8                    ; Untyped                                                  ;
; AUTO_CARRY_CHAINS                  ; ON                   ; AUTO_CARRY                                               ;
; IGNORE_CARRY_BUFFERS               ; OFF                  ; IGNORE_CARRY                                             ;
; AUTO_CASCADE_CHAINS                ; ON                   ; AUTO_CASCADE                                             ;
; IGNORE_CASCADE_BUFFERS             ; OFF                  ; IGNORE_CASCADE                                           ;
; WIDTH_BYTEENA                      ; 1                    ; Untyped                                                  ;
; OPERATION_MODE                     ; ROM                  ; Untyped                                                  ;
; WIDTH_A                            ; 30                   ; Signed Integer                                           ;
; WIDTHAD_A                          ; 3                    ; Signed Integer                                           ;
; NUMWORDS_A                         ; 8                    ; Signed Integer                                           ;
; OUTDATA_REG_A                      ; UNREGISTERED         ; Untyped                                                  ;
; ADDRESS_ACLR_A                     ; NONE                 ; Untyped                                                  ;
; OUTDATA_ACLR_A                     ; NONE                 ; Untyped                                                  ;
; WRCONTROL_ACLR_A                   ; NONE                 ; Untyped                                                  ;
; INDATA_ACLR_A                      ; NONE                 ; Untyped                                                  ;
; BYTEENA_ACLR_A                     ; NONE                 ; Untyped                                                  ;
; WIDTH_B                            ; 1                    ; Untyped                                                  ;
; WIDTHAD_B                          ; 1                    ; Untyped                                                  ;
; NUMWORDS_B                         ; 1                    ; Untyped                                                  ;
; INDATA_REG_B                       ; CLOCK1               ; Untyped                                                  ;
; WRCONTROL_WRADDRESS_REG_B          ; CLOCK1               ; Untyped                                                  ;
; RDCONTROL_REG_B                    ; CLOCK1               ; Untyped                                                  ;
; ADDRESS_REG_B                      ; CLOCK1               ; Untyped                                                  ;
; OUTDATA_REG_B                      ; UNREGISTERED         ; Untyped                                                  ;
; BYTEENA_REG_B                      ; CLOCK1               ; Untyped                                                  ;
; INDATA_ACLR_B                      ; NONE                 ; Untyped                                                  ;
; WRCONTROL_ACLR_B                   ; NONE                 ; Untyped                                                  ;
; ADDRESS_ACLR_B                     ; NONE                 ; Untyped                                                  ;
; OUTDATA_ACLR_B                     ; NONE                 ; Untyped                                                  ;
; RDCONTROL_ACLR_B                   ; NONE                 ; Untyped                                                  ;
; BYTEENA_ACLR_B                     ; NONE                 ; Untyped                                                  ;
; WIDTH_BYTEENA_A                    ; 1                    ; Signed Integer                                           ;
; WIDTH_BYTEENA_B                    ; 1                    ; Untyped                                                  ;
; RAM_BLOCK_TYPE                     ; AUTO                 ; Untyped                                                  ;
; BYTE_SIZE                          ; 8                    ; Untyped                                                  ;
; READ_DURING_WRITE_MODE_MIXED_PORTS ; DONT_CARE            ; Untyped                                                  ;
; READ_DURING_WRITE_MODE_PORT_A      ; NEW_DATA_NO_NBE_READ ; Untyped                                                  ;
; READ_DURING_WRITE_MODE_PORT_B      ; NEW_DATA_NO_NBE_READ ; Untyped                                                  ;
; INIT_FILE                          ; colorROM.mif         ; Untyped                                                  ;
; INIT_FILE_LAYOUT                   ; PORT_A               ; Untyped                                                  ;
; MAXIMUM_DEPTH                      ; 0                    ; Untyped                                                  ;
; CLOCK_ENABLE_INPUT_A               ; BYPASS               ; Untyped                                                  ;
; CLOCK_ENABLE_INPUT_B               ; NORMAL               ; Untyped                                                  ;
; CLOCK_ENABLE_OUTPUT_A              ; BYPASS               ; Untyped                                                  ;
; CLOCK_ENABLE_OUTPUT_B              ; NORMAL               ; Untyped                                                  ;
; CLOCK_ENABLE_CORE_A                ; USE_INPUT_CLKEN      ; Untyped                                                  ;
; CLOCK_ENABLE_CORE_B                ; USE_INPUT_CLKEN      ; Untyped                                                  ;
; ENABLE_ECC                         ; FALSE                ; Untyped                                                  ;
; ECC_PIPELINE_STAGE_ENABLED         ; FALSE                ; Untyped                                                  ;
; WIDTH_ECCSTATUS                    ; 3                    ; Untyped                                                  ;
; DEVICE_FAMILY                      ; Cyclone II           ; Untyped                                                  ;
; CBXI_PARAMETER                     ; altsyncram_pv71      ; Untyped                                                  ;
+------------------------------------+----------------------+----------------------------------------------------------+
Note: In order to hide this table in the UI and the text report file, please set the "Show Parameter Settings in Synthesis Report" option in "Analysis and Synthesis Settings -> More Settings" to "Off".


+---------------------------------------------------------------------------------------------------------------------+
; altsyncram Parameter Settings by Entity Instance                                                                    ;
+-------------------------------------------+-------------------------------------------------------------------------+
; Name                                      ; Value                                                                   ;
+-------------------------------------------+-------------------------------------------------------------------------+
; Number of entity instances                ; 1                                                                       ;
; Entity Instance                           ; pixelGenerator:videoGen|colorROM:colors|altsyncram:altsyncram_component ;
;     -- OPERATION_MODE                     ; ROM                                                                     ;
;     -- WIDTH_A                            ; 30                                                                      ;
;     -- NUMWORDS_A                         ; 8                                                                       ;
;     -- OUTDATA_REG_A                      ; UNREGISTERED                                                            ;
;     -- WIDTH_B                            ; 1                                                                       ;
;     -- NUMWORDS_B                         ; 1                                                                       ;
;     -- ADDRESS_REG_B                      ; CLOCK1                                                                  ;
;     -- OUTDATA_REG_B                      ; UNREGISTERED                                                            ;
;     -- RAM_BLOCK_TYPE                     ; AUTO                                                                    ;
;     -- READ_DURING_WRITE_MODE_MIXED_PORTS ; DONT_CARE                                                               ;
+-------------------------------------------+-------------------------------------------------------------------------+


+-------------------------------+
; Elapsed Time Per Partition    ;
+----------------+--------------+
; Partition Name ; Elapsed Time ;
+----------------+--------------+
; Top            ; 00:00:00     ;
+----------------+--------------+


+-------------------------------+
; Analysis & Synthesis Messages ;
+-------------------------------+
Info: *******************************************************************
Info: Running Quartus II 64-Bit Analysis & Synthesis
    Info: Version 13.0.1 Build 232 06/12/2013 Service Pack 1 SJ Web Edition
    Info: Processing started: Mon Apr 28 15:54:43 2014
Info: Command: quartus_map --read_settings_files=on --write_settings_files=off VGA_top_level -c VGA_top_level
Warning (20028): Parallel compilation is not licensed and has been disabled
Info (12021): Found 2 design units, including 1 entities, in source file vga_top_level.vhd
    Info (12022): Found design unit 1: VGA_top_level-structural
    Info (12023): Found entity 1: VGA_top_level
Info (12021): Found 2 design units, including 1 entities, in source file colorrom.vhd
    Info (12022): Found design unit 1: colorrom-SYN
    Info (12023): Found entity 1: colorROM
Info (12021): Found 2 design units, including 1 entities, in source file pixelgenerator.vhd
    Info (12022): Found design unit 1: pixelGenerator-behavioral
    Info (12023): Found entity 1: pixelGenerator
Info (12021): Found 2 design units, including 1 entities, in source file vga_sync.vhd
    Info (12022): Found design unit 1: VGA_SYNC-behavioral
    Info (12023): Found entity 1: VGA_SYNC
Info (12127): Elaborating entity "VGA_top_level" for the top level hierarchy
Info (12128): Elaborating entity "pixelGenerator" for hierarchy "pixelGenerator:videoGen"
Warning (10036): Verilog HDL or VHDL warning at pixelGenerator.vhd(37): object "pixel_row_int" assigned a value but never read
Warning (10036): Verilog HDL or VHDL warning at pixelGenerator.vhd(37): object "pixel_column_int" assigned a value but never read
Info (12128): Elaborating entity "colorROM" for hierarchy "pixelGenerator:videoGen|colorROM:colors"
Info (12128): Elaborating entity "altsyncram" for hierarchy "pixelGenerator:videoGen|colorROM:colors|altsyncram:altsyncram_component"
Info (12130): Elaborated megafunction instantiation "pixelGenerator:videoGen|colorROM:colors|altsyncram:altsyncram_component"
Info (12133): Instantiated megafunction "pixelGenerator:videoGen|colorROM:colors|altsyncram:altsyncram_component" with the following parameter:
    Info (12134): Parameter "clock_enable_input_a" = "BYPASS"
    Info (12134): Parameter "clock_enable_output_a" = "BYPASS"
    Info (12134): Parameter "init_file" = "colorROM.mif"
    Info (12134): Parameter "intended_device_family" = "Cyclone II"
    Info (12134): Parameter "lpm_hint" = "ENABLE_RUNTIME_MOD=NO"
    Info (12134): Parameter "lpm_type" = "altsyncram"
    Info (12134): Parameter "numwords_a" = "8"
    Info (12134): Parameter "operation_mode" = "ROM"
    Info (12134): Parameter "outdata_aclr_a" = "NONE"
    Info (12134): Parameter "outdata_reg_a" = "UNREGISTERED"
    Info (12134): Parameter "widthad_a" = "3"
    Info (12134): Parameter "width_a" = "30"
    Info (12134): Parameter "width_byteena_a" = "1"
Info (12021): Found 1 design units, including 1 entities, in source file db/altsyncram_pv71.tdf
    Info (12023): Found entity 1: altsyncram_pv71
Info (12128): Elaborating entity "altsyncram_pv71" for hierarchy "pixelGenerator:videoGen|colorROM:colors|altsyncram:altsyncram_component|altsyncram_pv71:auto_generated"
Info (12128): Elaborating entity "VGA_SYNC" for hierarchy "VGA_SYNC:videoSync"
Info (16010): Generating hard_block partition "hard_block:auto_generated_inst"
    Info (16011): Adding 0 node(s), including 0 DDIO, 0 PLL, 0 transceiver and 0 LCELL
Warning (21074): Design contains 1 input pin(s) that do not drive logic
    Warning (15610): No output dependent on input pin "RESET_N"
Info (21057): Implemented 130 device resources after synthesis - the final resource count might be different
    Info (21058): Implemented 2 input pins
    Info (21059): Implemented 34 output pins
    Info (21061): Implemented 64 logic cells
    Info (21064): Implemented 30 RAM segments
Info: Quartus II 64-Bit Analysis & Synthesis was successful. 0 errors, 5 warnings
    Info: Peak virtual memory: 1140 megabytes
    Info: Processing ended: Mon Apr 28 15:55:11 2014
    Info: Elapsed time: 00:00:28
    Info: Total CPU time (on all processors): 00:00:27


