Analysis & Synthesis report for sram
Tue May 06 14:10:15 2014
Quartus II 64-Bit Version 13.0.1 Build 232 06/12/2013 Service Pack 1 SJ Web Edition


---------------------
; Table of Contents ;
---------------------
  1. Legal Notice
  2. Analysis & Synthesis Summary
  3. Analysis & Synthesis Settings
  4. Parallel Compilation
  5. Analysis & Synthesis Source Files Read
  6. Analysis & Synthesis Resource Usage Summary
  7. Analysis & Synthesis Resource Utilization by Entity
  8. Analysis & Synthesis RAM Summary
  9. Analysis & Synthesis IP Cores Summary
 10. State Machine - |sram|state_reg
 11. User-Specified and Inferred Latches
 12. General Register Statistics
 13. Inverted Register Statistics
 14. Multiplexer Restructuring Statistics (Restructuring Performed)
 15. Source assignments for VGA_top_level:C3|pixelGenerator:videoGen|colorROM:colors|altsyncram:altsyncram_component|altsyncram_b481:auto_generated
 16. Parameter Settings for User Entity Instance: VGA_top_level:C3|pixelGenerator:videoGen|colorROM:colors|altsyncram:altsyncram_component
 17. altsyncram Parameter Settings by Entity Instance
 18. Elapsed Time Per Partition
 19. Analysis & Synthesis Messages



----------------
; Legal Notice ;
----------------
Copyright (C) 1991-2013 Altera Corporation
Your use of Altera Corporation's design tools, logic functions 
and other software and tools, and its AMPP partner logic 
functions, and any output files from any of the foregoing 
(including device programming or simulation files), and any 
associated documentation or information are expressly subject 
to the terms and conditions of the Altera Program License 
Subscription Agreement, Altera MegaCore Function License 
Agreement, or other applicable license agreement, including, 
without limitation, that your use is for the sole purpose of 
programming logic devices manufactured by Altera and sold by 
Altera or its authorized distributors.  Please refer to the 
applicable agreement for further details.



+--------------------------------------------------------------------------------------+
; Analysis & Synthesis Summary                                                         ;
+------------------------------------+-------------------------------------------------+
; Analysis & Synthesis Status        ; Successful - Tue May 06 14:10:15 2014           ;
; Quartus II 64-Bit Version          ; 13.0.1 Build 232 06/12/2013 SP 1 SJ Web Edition ;
; Revision Name                      ; sram                                            ;
; Top-level Entity Name              ; sram                                            ;
; Family                             ; Cyclone IV E                                    ;
; Total logic elements               ; 261                                             ;
;     Total combinational functions  ; 241                                             ;
;     Dedicated logic registers      ; 137                                             ;
; Total registers                    ; 137                                             ;
; Total pins                         ; 183                                             ;
; Total virtual pins                 ; 0                                               ;
; Total memory bits                  ; 240                                             ;
; Embedded Multiplier 9-bit elements ; 0                                               ;
; Total PLLs                         ; 0                                               ;
+------------------------------------+-------------------------------------------------+


+----------------------------------------------------------------------------------------------------------------------+
; Analysis & Synthesis Settings                                                                                        ;
+----------------------------------------------------------------------------+--------------------+--------------------+
; Option                                                                     ; Setting            ; Default Value      ;
+----------------------------------------------------------------------------+--------------------+--------------------+
; Device                                                                     ; EP4CE115F29C7      ;                    ;
; Top-level entity name                                                      ; sram               ; sram               ;
; Family name                                                                ; Cyclone IV E       ; Cyclone IV GX      ;
; Use smart compilation                                                      ; Off                ; Off                ;
; Enable parallel Assembler and TimeQuest Timing Analyzer during compilation ; On                 ; On                 ;
; Enable compact report table                                                ; Off                ; Off                ;
; Restructure Multiplexers                                                   ; Auto               ; Auto               ;
; Create Debugging Nodes for IP Cores                                        ; Off                ; Off                ;
; Preserve fewer node names                                                  ; On                 ; On                 ;
; Disable OpenCore Plus hardware evaluation                                  ; Off                ; Off                ;
; Verilog Version                                                            ; Verilog_2001       ; Verilog_2001       ;
; VHDL Version                                                               ; VHDL_1993          ; VHDL_1993          ;
; State Machine Processing                                                   ; Auto               ; Auto               ;
; Safe State Machine                                                         ; Off                ; Off                ;
; Extract Verilog State Machines                                             ; On                 ; On                 ;
; Extract VHDL State Machines                                                ; On                 ; On                 ;
; Ignore Verilog initial constructs                                          ; Off                ; Off                ;
; Iteration limit for constant Verilog loops                                 ; 5000               ; 5000               ;
; Iteration limit for non-constant Verilog loops                             ; 250                ; 250                ;
; Add Pass-Through Logic to Inferred RAMs                                    ; On                 ; On                 ;
; Infer RAMs from Raw Logic                                                  ; On                 ; On                 ;
; Parallel Synthesis                                                         ; On                 ; On                 ;
; DSP Block Balancing                                                        ; Auto               ; Auto               ;
; NOT Gate Push-Back                                                         ; On                 ; On                 ;
; Power-Up Don't Care                                                        ; On                 ; On                 ;
; Remove Redundant Logic Cells                                               ; Off                ; Off                ;
; Remove Duplicate Registers                                                 ; On                 ; On                 ;
; Ignore CARRY Buffers                                                       ; Off                ; Off                ;
; Ignore CASCADE Buffers                                                     ; Off                ; Off                ;
; Ignore GLOBAL Buffers                                                      ; Off                ; Off                ;
; Ignore ROW GLOBAL Buffers                                                  ; Off                ; Off                ;
; Ignore LCELL Buffers                                                       ; Off                ; Off                ;
; Ignore SOFT Buffers                                                        ; On                 ; On                 ;
; Limit AHDL Integers to 32 Bits                                             ; Off                ; Off                ;
; Optimization Technique                                                     ; Balanced           ; Balanced           ;
; Carry Chain Length                                                         ; 70                 ; 70                 ;
; Auto Carry Chains                                                          ; On                 ; On                 ;
; Auto Open-Drain Pins                                                       ; On                 ; On                 ;
; Perform WYSIWYG Primitive Resynthesis                                      ; Off                ; Off                ;
; Auto ROM Replacement                                                       ; On                 ; On                 ;
; Auto RAM Replacement                                                       ; On                 ; On                 ;
; Auto DSP Block Replacement                                                 ; On                 ; On                 ;
; Auto Shift Register Replacement                                            ; Auto               ; Auto               ;
; Allow Shift Register Merging across Hierarchies                            ; Auto               ; Auto               ;
; Auto Clock Enable Replacement                                              ; On                 ; On                 ;
; Strict RAM Replacement                                                     ; Off                ; Off                ;
; Allow Synchronous Control Signals                                          ; On                 ; On                 ;
; Force Use of Synchronous Clear Signals                                     ; Off                ; Off                ;
; Auto RAM Block Balancing                                                   ; On                 ; On                 ;
; Auto RAM to Logic Cell Conversion                                          ; Off                ; Off                ;
; Auto Resource Sharing                                                      ; Off                ; Off                ;
; Allow Any RAM Size For Recognition                                         ; Off                ; Off                ;
; Allow Any ROM Size For Recognition                                         ; Off                ; Off                ;
; Allow Any Shift Register Size For Recognition                              ; Off                ; Off                ;
; Use LogicLock Constraints during Resource Balancing                        ; On                 ; On                 ;
; Ignore translate_off and synthesis_off directives                          ; Off                ; Off                ;
; Timing-Driven Synthesis                                                    ; On                 ; On                 ;
; Report Parameter Settings                                                  ; On                 ; On                 ;
; Report Source Assignments                                                  ; On                 ; On                 ;
; Report Connectivity Checks                                                 ; On                 ; On                 ;
; Ignore Maximum Fan-Out Assignments                                         ; Off                ; Off                ;
; Synchronization Register Chain Length                                      ; 2                  ; 2                  ;
; PowerPlay Power Optimization                                               ; Normal compilation ; Normal compilation ;
; HDL message level                                                          ; Level2             ; Level2             ;
; Suppress Register Optimization Related Messages                            ; Off                ; Off                ;
; Number of Removed Registers Reported in Synthesis Report                   ; 5000               ; 5000               ;
; Number of Swept Nodes Reported in Synthesis Report                         ; 5000               ; 5000               ;
; Number of Inverted Registers Reported in Synthesis Report                  ; 100                ; 100                ;
; Clock MUX Protection                                                       ; On                 ; On                 ;
; Auto Gated Clock Conversion                                                ; Off                ; Off                ;
; Block Design Naming                                                        ; Auto               ; Auto               ;
; SDC constraint protection                                                  ; Off                ; Off                ;
; Synthesis Effort                                                           ; Auto               ; Auto               ;
; Shift Register Replacement - Allow Asynchronous Clear Signal               ; On                 ; On                 ;
; Pre-Mapping Resynthesis Optimization                                       ; Off                ; Off                ;
; Analysis & Synthesis Message Level                                         ; Medium             ; Medium             ;
; Disable Register Merging Across Hierarchies                                ; Auto               ; Auto               ;
; Resource Aware Inference For Block RAM                                     ; On                 ; On                 ;
; Synthesis Seed                                                             ; 1                  ; 1                  ;
+----------------------------------------------------------------------------+--------------------+--------------------+


Parallel compilation was disabled, but you have multiple processors available. Enable parallel compilation to reduce compilation time.
+-------------------------------------+
; Parallel Compilation                ;
+----------------------------+--------+
; Processors                 ; Number ;
+----------------------------+--------+
; Number detected on machine ; 2      ;
; Maximum allowed            ; 1      ;
+----------------------------+--------+


+---------------------------------------------------------------------------------------------------------------------------------------------------------------------------------+
; Analysis & Synthesis Source Files Read                                                                                                                                          ;
+----------------------------------+-----------------+----------------------------------------+-------------------------------------------------------------------------+---------+
; File Name with User-Entered Path ; Used in Netlist ; File Type                              ; File Name with Absolute Path                                            ; Library ;
+----------------------------------+-----------------+----------------------------------------+-------------------------------------------------------------------------+---------+
; colorROM.vhd                     ; yes             ; User Wizard-Generated File             ; //psf/Home/Desktop/eecs392/SRAM_copy/colorROM.vhd                       ;         ;
; VGA_top_level.vhd                ; yes             ; User VHDL File                         ; //psf/Home/Desktop/eecs392/SRAM_copy/VGA_top_level.vhd                  ;         ;
; vga_sync.vhd                     ; yes             ; User VHDL File                         ; //psf/Home/Desktop/eecs392/SRAM_copy/vga_sync.vhd                       ;         ;
; pixelGenerator.vhd               ; yes             ; User VHDL File                         ; //psf/Home/Desktop/eecs392/SRAM_copy/pixelGenerator.vhd                 ;         ;
; sram.vhd                         ; yes             ; User VHDL File                         ; //psf/Home/Desktop/eecs392/SRAM_copy/sram.vhd                           ;         ;
; sramdec.vhd                      ; yes             ; User VHDL File                         ; //psf/Home/Desktop/eecs392/SRAM_copy/sramdec.vhd                        ;         ;
; altsyncram.tdf                   ; yes             ; Megafunction                           ; c:/altera/13.0sp1/quartus/libraries/megafunctions/altsyncram.tdf        ;         ;
; stratix_ram_block.inc            ; yes             ; Megafunction                           ; c:/altera/13.0sp1/quartus/libraries/megafunctions/stratix_ram_block.inc ;         ;
; lpm_mux.inc                      ; yes             ; Megafunction                           ; c:/altera/13.0sp1/quartus/libraries/megafunctions/lpm_mux.inc           ;         ;
; lpm_decode.inc                   ; yes             ; Megafunction                           ; c:/altera/13.0sp1/quartus/libraries/megafunctions/lpm_decode.inc        ;         ;
; aglobal130.inc                   ; yes             ; Megafunction                           ; c:/altera/13.0sp1/quartus/libraries/megafunctions/aglobal130.inc        ;         ;
; a_rdenreg.inc                    ; yes             ; Megafunction                           ; c:/altera/13.0sp1/quartus/libraries/megafunctions/a_rdenreg.inc         ;         ;
; altrom.inc                       ; yes             ; Megafunction                           ; c:/altera/13.0sp1/quartus/libraries/megafunctions/altrom.inc            ;         ;
; altram.inc                       ; yes             ; Megafunction                           ; c:/altera/13.0sp1/quartus/libraries/megafunctions/altram.inc            ;         ;
; altdpram.inc                     ; yes             ; Megafunction                           ; c:/altera/13.0sp1/quartus/libraries/megafunctions/altdpram.inc          ;         ;
; db/altsyncram_b481.tdf           ; yes             ; Auto-Generated Megafunction            ; //psf/Home/Desktop/eecs392/SRAM_copy/db/altsyncram_b481.tdf             ;         ;
; colorrom.mif                     ; yes             ; Auto-Found Memory Initialization File  ; //psf/Home/Desktop/eecs392/SRAM_copy/colorrom.mif                       ;         ;
+----------------------------------+-----------------+----------------------------------------+-------------------------------------------------------------------------+---------+


+---------------------------------------------------------+
; Analysis & Synthesis Resource Usage Summary             ;
+---------------------------------------------+-----------+
; Resource                                    ; Usage     ;
+---------------------------------------------+-----------+
; Estimated Total logic elements              ; 261       ;
;                                             ;           ;
; Total combinational functions               ; 241       ;
; Logic element usage by number of LUT inputs ;           ;
;     -- 4 input functions                    ; 77        ;
;     -- 3 input functions                    ; 66        ;
;     -- <=2 input functions                  ; 98        ;
;                                             ;           ;
; Logic elements by mode                      ;           ;
;     -- normal mode                          ; 161       ;
;     -- arithmetic mode                      ; 80        ;
;                                             ;           ;
; Total registers                             ; 137       ;
;     -- Dedicated logic registers            ; 137       ;
;     -- I/O registers                        ; 0         ;
;                                             ;           ;
; I/O pins                                    ; 183       ;
; Total memory bits                           ; 240       ;
; Embedded Multiplier 9-bit elements          ; 0         ;
; Maximum fan-out node                        ; clk~input ;
; Maximum fan-out                             ; 111       ;
; Total fan-out                               ; 1589      ;
; Average fan-out                             ; 2.00      ;
+---------------------------------------------+-----------+


+------------------------------------------------------------------------------------------------------------------------------------------------------------------------------------------------------------------------------------------------------------------------------------------------------------+
; Analysis & Synthesis Resource Utilization by Entity                                                                                                                                                                                                                                                        ;
+-------------------------------------------------+-------------------+--------------+-------------+--------------+---------+-----------+------+--------------+-------------------------------------------------------------------------------------------------------------------------------+--------------+
; Compilation Hierarchy Node                      ; LC Combinationals ; LC Registers ; Memory Bits ; DSP Elements ; DSP 9x9 ; DSP 18x18 ; Pins ; Virtual Pins ; Full Hierarchy Name                                                                                                           ; Library Name ;
+-------------------------------------------------+-------------------+--------------+-------------+--------------+---------+-----------+------+--------------+-------------------------------------------------------------------------------------------------------------------------------+--------------+
; |sram                                           ; 241 (182)         ; 137 (107)    ; 240         ; 0            ; 0       ; 0         ; 183  ; 0            ; |sram                                                                                                                         ; work         ;
;    |VGA_top_level:C3|                           ; 59 (0)            ; 30 (0)       ; 240         ; 0            ; 0       ; 0         ; 0    ; 0            ; |sram|VGA_top_level:C3                                                                                                        ; work         ;
;       |VGA_SYNC:videoSync|                      ; 59 (59)           ; 27 (27)      ; 0           ; 0            ; 0       ; 0         ; 0    ; 0            ; |sram|VGA_top_level:C3|VGA_SYNC:videoSync                                                                                     ; work         ;
;       |pixelGenerator:videoGen|                 ; 0 (0)             ; 3 (3)        ; 240         ; 0            ; 0       ; 0         ; 0    ; 0            ; |sram|VGA_top_level:C3|pixelGenerator:videoGen                                                                                ; work         ;
;          |colorROM:colors|                      ; 0 (0)             ; 0 (0)        ; 240         ; 0            ; 0       ; 0         ; 0    ; 0            ; |sram|VGA_top_level:C3|pixelGenerator:videoGen|colorROM:colors                                                                ; work         ;
;             |altsyncram:altsyncram_component|   ; 0 (0)             ; 0 (0)        ; 240         ; 0            ; 0       ; 0         ; 0    ; 0            ; |sram|VGA_top_level:C3|pixelGenerator:videoGen|colorROM:colors|altsyncram:altsyncram_component                                ; work         ;
;                |altsyncram_b481:auto_generated| ; 0 (0)             ; 0 (0)        ; 240         ; 0            ; 0       ; 0         ; 0    ; 0            ; |sram|VGA_top_level:C3|pixelGenerator:videoGen|colorROM:colors|altsyncram:altsyncram_component|altsyncram_b481:auto_generated ; work         ;
+-------------------------------------------------+-------------------+--------------+-------------+--------------+---------+-----------+------+--------------+-------------------------------------------------------------------------------------------------------------------------------+--------------+
Note: For table entries with two numbers listed, the numbers in parentheses indicate the number of resources of the given type used by the specific entity alone. The numbers listed outside of parentheses indicate the total resources of the given type used by the specific entity and all of its sub-entities in the hierarchy.


+------------------------------------------------------------------------------------------------------------------------------------------------------------------------------------------------------------------------------------+
; Analysis & Synthesis RAM Summary                                                                                                                                                                                                   ;
+------------------------------------------------------------------------------------------------------------------------------------+------+------+--------------+--------------+--------------+--------------+------+--------------+
; Name                                                                                                                               ; Type ; Mode ; Port A Depth ; Port A Width ; Port B Depth ; Port B Width ; Size ; MIF          ;
+------------------------------------------------------------------------------------------------------------------------------------+------+------+--------------+--------------+--------------+--------------+------+--------------+
; VGA_top_level:C3|pixelGenerator:videoGen|colorROM:colors|altsyncram:altsyncram_component|altsyncram_b481:auto_generated|ALTSYNCRAM ; AUTO ; ROM  ; 8            ; 30           ; --           ; --           ; 240  ; colorROM.mif ;
+------------------------------------------------------------------------------------------------------------------------------------+------+------+--------------+--------------+--------------+--------------+------+--------------+


+------------------------------------------------------------------------------------------------------------------------------------------------------------------------------------+
; Analysis & Synthesis IP Cores Summary                                                                                                                                              ;
+--------+--------------+---------+--------------+--------------+----------------------------------------------------------------+---------------------------------------------------+
; Vendor ; IP Core Name ; Version ; Release Date ; License Type ; Entity Instance                                                ; IP Include File                                   ;
+--------+--------------+---------+--------------+--------------+----------------------------------------------------------------+---------------------------------------------------+
; Altera ; ROM: 1-PORT  ; N/A     ; N/A          ; N/A          ; |sram|VGA_top_level:C3|pixelGenerator:videoGen|colorROM:colors ; //psf/Home/Desktop/eecs392/SRAM_copy/colorROM.vhd ;
+--------+--------------+---------+--------------+--------------+----------------------------------------------------------------+---------------------------------------------------+


Encoding Type:  One-Hot
+-------------------------------------------------------------------------------------------------+
; State Machine - |sram|state_reg                                                                 ;
+----------------+---------------+---------------+---------------+---------------+----------------+
; Name           ; state_reg.wr2 ; state_reg.wr1 ; state_reg.rd2 ; state_reg.rd1 ; state_reg.idle ;
+----------------+---------------+---------------+---------------+---------------+----------------+
; state_reg.idle ; 0             ; 0             ; 0             ; 0             ; 0              ;
; state_reg.rd1  ; 0             ; 0             ; 0             ; 1             ; 1              ;
; state_reg.rd2  ; 0             ; 0             ; 1             ; 0             ; 1              ;
; state_reg.wr1  ; 0             ; 1             ; 0             ; 0             ; 1              ;
; state_reg.wr2  ; 1             ; 0             ; 0             ; 0             ; 1              ;
+----------------+---------------+---------------+---------------+---------------+----------------+


+----------------------------------------------------------------------------------------------------+
; User-Specified and Inferred Latches                                                                ;
+-----------------------------------------------------+---------------------+------------------------+
; Latch Name                                          ; Latch Enable Signal ; Free of Timing Hazards ;
+-----------------------------------------------------+---------------------+------------------------+
; addr_sig[0]                                         ; Selector0           ; yes                    ;
; addr_sig[1]                                         ; Selector0           ; yes                    ;
; addr_sig[2]                                         ; Selector0           ; yes                    ;
; addr_sig[3]                                         ; Selector0           ; yes                    ;
; addr_sig[4]                                         ; Selector0           ; yes                    ;
; addr_sig[5]                                         ; Selector0           ; yes                    ;
; addr_sig[6]                                         ; Selector0           ; yes                    ;
; addr_sig[7]                                         ; Selector0           ; yes                    ;
; addr_sig[8]                                         ; Selector0           ; yes                    ;
; addr_sig[9]                                         ; Selector0           ; yes                    ;
; addr_sig[10]                                        ; Selector0           ; yes                    ;
; addr_sig[11]                                        ; Selector0           ; yes                    ;
; addr_sig[12]                                        ; Selector0           ; yes                    ;
; addr_sig[13]                                        ; Selector0           ; yes                    ;
; addr_sig[14]                                        ; Selector0           ; yes                    ;
; addr_sig[15]                                        ; Selector0           ; yes                    ;
; addr_sig[16]                                        ; Selector0           ; yes                    ;
; addr_sig[17]                                        ; Selector0           ; yes                    ;
; colorAddress[0]$latch                               ; state_reg.rd2       ; yes                    ;
; colorAddress[1]$latch                               ; state_reg.rd2       ; yes                    ;
; colorAddress[2]$latch                               ; state_reg.rd2       ; yes                    ;
; data_f2s_next[0]                                    ; data_f2s_next[15]   ; yes                    ;
; data_f2s_next[1]                                    ; data_f2s_next[15]   ; yes                    ;
; data_f2s_next[2]                                    ; data_f2s_next[15]   ; yes                    ;
; data_f2s_next[3]                                    ; data_f2s_next[15]   ; yes                    ;
; data_f2s_next[4]                                    ; data_f2s_next[15]   ; yes                    ;
; data_f2s_next[5]                                    ; data_f2s_next[15]   ; yes                    ;
; data_f2s_next[6]                                    ; data_f2s_next[15]   ; yes                    ;
; data_f2s_next[7]                                    ; data_f2s_next[15]   ; yes                    ;
; data_f2s_next[8]                                    ; data_f2s_next[15]   ; yes                    ;
; data_f2s_next[9]                                    ; data_f2s_next[15]   ; yes                    ;
; data_f2s_next[10]                                   ; data_f2s_next[15]   ; yes                    ;
; data_f2s_next[11]                                   ; data_f2s_next[15]   ; yes                    ;
; data_f2s_next[12]                                   ; data_f2s_next[15]   ; yes                    ;
; data_f2s_next[13]                                   ; data_f2s_next[15]   ; yes                    ;
; data_f2s_next[14]                                   ; data_f2s_next[15]   ; yes                    ;
; data_f2s_next[15]                                   ; data_f2s_next[15]   ; yes                    ;
; Number of user-specified and inferred latches = 37  ;                     ;                        ;
+-----------------------------------------------------+---------------------+------------------------+
Note: All latches listed above may not be present at the end of synthesis due to various synthesis optimizations.


+------------------------------------------------------+
; General Register Statistics                          ;
+----------------------------------------------+-------+
; Statistic                                    ; Value ;
+----------------------------------------------+-------+
; Total registers                              ; 137   ;
; Number of registers using Synchronous Clear  ; 18    ;
; Number of registers using Synchronous Load   ; 0     ;
; Number of registers using Asynchronous Clear ; 74    ;
; Number of registers using Asynchronous Load  ; 0     ;
; Number of registers using Clock Enable       ; 84    ;
; Number of registers using Preset             ; 0     ;
+----------------------------------------------+-------+


+--------------------------------------------------+
; Inverted Register Statistics                     ;
+----------------------------------------+---------+
; Inverted Register                      ; Fan out ;
+----------------------------------------+---------+
; we_reg                                 ; 1       ;
; oe_reg                                 ; 1       ;
; tri_reg                                ; 16      ;
; count[31]                              ; 2       ;
; count[0]                               ; 2       ;
; Total number of inverted registers = 5 ;         ;
+----------------------------------------+---------+


+--------------------------------------------------------------------------------------------------------------------------------------------------------------------+
; Multiplexer Restructuring Statistics (Restructuring Performed)                                                                                                     ;
+--------------------+-----------+---------------+----------------------+------------------------+------------+------------------------------------------------------+
; Multiplexer Inputs ; Bus Width ; Baseline Area ; Area if Restructured ; Saving if Restructured ; Registered ; Example Multiplexer Output                           ;
+--------------------+-----------+---------------+----------------------+------------------------+------------+------------------------------------------------------+
; 3:1                ; 10 bits   ; 20 LEs        ; 10 LEs               ; 10 LEs                 ; Yes        ; |sram|VGA_top_level:C3|VGA_SYNC:videoSync|v_count[3] ;
; 4:1                ; 48 bits   ; 96 LEs        ; 48 LEs               ; 48 LEs                 ; Yes        ; |sram|addr_sig1[2]                                   ;
; 4:1                ; 2 bits    ; 4 LEs         ; 2 LEs                ; 2 LEs                  ; Yes        ; |sram|count[31]                                      ;
; 3:1                ; 18 bits   ; 36 LEs        ; 18 LEs               ; 18 LEs                 ; No         ; |sram|Selector18                                     ;
; 3:1                ; 2 bits    ; 4 LEs         ; 2 LEs                ; 2 LEs                  ; No         ; |sram|state_next.wr1                                 ;
+--------------------+-----------+---------------+----------------------+------------------------+------------+------------------------------------------------------+


+------------------------------------------------------------------------------------------------------------------------------------------------+
; Source assignments for VGA_top_level:C3|pixelGenerator:videoGen|colorROM:colors|altsyncram:altsyncram_component|altsyncram_b481:auto_generated ;
+---------------------------------+--------------------+------+----------------------------------------------------------------------------------+
; Assignment                      ; Value              ; From ; To                                                                               ;
+---------------------------------+--------------------+------+----------------------------------------------------------------------------------+
; OPTIMIZE_POWER_DURING_SYNTHESIS ; NORMAL_COMPILATION ; -    ; -                                                                                ;
+---------------------------------+--------------------+------+----------------------------------------------------------------------------------+


+---------------------------------------------------------------------------------------------------------------------------------------+
; Parameter Settings for User Entity Instance: VGA_top_level:C3|pixelGenerator:videoGen|colorROM:colors|altsyncram:altsyncram_component ;
+------------------------------------+----------------------+---------------------------------------------------------------------------+
; Parameter Name                     ; Value                ; Type                                                                      ;
+------------------------------------+----------------------+---------------------------------------------------------------------------+
; BYTE_SIZE_BLOCK                    ; 8                    ; Untyped                                                                   ;
; AUTO_CARRY_CHAINS                  ; ON                   ; AUTO_CARRY                                                                ;
; IGNORE_CARRY_BUFFERS               ; OFF                  ; IGNORE_CARRY                                                              ;
; AUTO_CASCADE_CHAINS                ; ON                   ; AUTO_CASCADE                                                              ;
; IGNORE_CASCADE_BUFFERS             ; OFF                  ; IGNORE_CASCADE                                                            ;
; WIDTH_BYTEENA                      ; 1                    ; Untyped                                                                   ;
; OPERATION_MODE                     ; ROM                  ; Untyped                                                                   ;
; WIDTH_A                            ; 30                   ; Signed Integer                                                            ;
; WIDTHAD_A                          ; 3                    ; Signed Integer                                                            ;
; NUMWORDS_A                         ; 8                    ; Signed Integer                                                            ;
; OUTDATA_REG_A                      ; UNREGISTERED         ; Untyped                                                                   ;
; ADDRESS_ACLR_A                     ; NONE                 ; Untyped                                                                   ;
; OUTDATA_ACLR_A                     ; NONE                 ; Untyped                                                                   ;
; WRCONTROL_ACLR_A                   ; NONE                 ; Untyped                                                                   ;
; INDATA_ACLR_A                      ; NONE                 ; Untyped                                                                   ;
; BYTEENA_ACLR_A                     ; NONE                 ; Untyped                                                                   ;
; WIDTH_B                            ; 1                    ; Untyped                                                                   ;
; WIDTHAD_B                          ; 1                    ; Untyped                                                                   ;
; NUMWORDS_B                         ; 1                    ; Untyped                                                                   ;
; INDATA_REG_B                       ; CLOCK1               ; Untyped                                                                   ;
; WRCONTROL_WRADDRESS_REG_B          ; CLOCK1               ; Untyped                                                                   ;
; RDCONTROL_REG_B                    ; CLOCK1               ; Untyped                                                                   ;
; ADDRESS_REG_B                      ; CLOCK1               ; Untyped                                                                   ;
; OUTDATA_REG_B                      ; UNREGISTERED         ; Untyped                                                                   ;
; BYTEENA_REG_B                      ; CLOCK1               ; Untyped                                                                   ;
; INDATA_ACLR_B                      ; NONE                 ; Untyped                                                                   ;
; WRCONTROL_ACLR_B                   ; NONE                 ; Untyped                                                                   ;
; ADDRESS_ACLR_B                     ; NONE                 ; Untyped                                                                   ;
; OUTDATA_ACLR_B                     ; NONE                 ; Untyped                                                                   ;
; RDCONTROL_ACLR_B                   ; NONE                 ; Untyped                                                                   ;
; BYTEENA_ACLR_B                     ; NONE                 ; Untyped                                                                   ;
; WIDTH_BYTEENA_A                    ; 1                    ; Signed Integer                                                            ;
; WIDTH_BYTEENA_B                    ; 1                    ; Untyped                                                                   ;
; RAM_BLOCK_TYPE                     ; AUTO                 ; Untyped                                                                   ;
; BYTE_SIZE                          ; 8                    ; Untyped                                                                   ;
; READ_DURING_WRITE_MODE_MIXED_PORTS ; DONT_CARE            ; Untyped                                                                   ;
; READ_DURING_WRITE_MODE_PORT_A      ; NEW_DATA_NO_NBE_READ ; Untyped                                                                   ;
; READ_DURING_WRITE_MODE_PORT_B      ; NEW_DATA_NO_NBE_READ ; Untyped                                                                   ;
; INIT_FILE                          ; colorROM.mif         ; Untyped                                                                   ;
; INIT_FILE_LAYOUT                   ; PORT_A               ; Untyped                                                                   ;
; MAXIMUM_DEPTH                      ; 0                    ; Untyped                                                                   ;
; CLOCK_ENABLE_INPUT_A               ; BYPASS               ; Untyped                                                                   ;
; CLOCK_ENABLE_INPUT_B               ; NORMAL               ; Untyped                                                                   ;
; CLOCK_ENABLE_OUTPUT_A              ; BYPASS               ; Untyped                                                                   ;
; CLOCK_ENABLE_OUTPUT_B              ; NORMAL               ; Untyped                                                                   ;
; CLOCK_ENABLE_CORE_A                ; USE_INPUT_CLKEN      ; Untyped                                                                   ;
; CLOCK_ENABLE_CORE_B                ; USE_INPUT_CLKEN      ; Untyped                                                                   ;
; ENABLE_ECC                         ; FALSE                ; Untyped                                                                   ;
; ECC_PIPELINE_STAGE_ENABLED         ; FALSE                ; Untyped                                                                   ;
; WIDTH_ECCSTATUS                    ; 3                    ; Untyped                                                                   ;
; DEVICE_FAMILY                      ; Cyclone IV E         ; Untyped                                                                   ;
; CBXI_PARAMETER                     ; altsyncram_b481      ; Untyped                                                                   ;
+------------------------------------+----------------------+---------------------------------------------------------------------------+
Note: In order to hide this table in the UI and the text report file, please set the "Show Parameter Settings in Synthesis Report" option in "Analysis and Synthesis Settings -> More Settings" to "Off".


+--------------------------------------------------------------------------------------------------------------------------------------+
; altsyncram Parameter Settings by Entity Instance                                                                                     ;
+-------------------------------------------+------------------------------------------------------------------------------------------+
; Name                                      ; Value                                                                                    ;
+-------------------------------------------+------------------------------------------------------------------------------------------+
; Number of entity instances                ; 1                                                                                        ;
; Entity Instance                           ; VGA_top_level:C3|pixelGenerator:videoGen|colorROM:colors|altsyncram:altsyncram_component ;
;     -- OPERATION_MODE                     ; ROM                                                                                      ;
;     -- WIDTH_A                            ; 30                                                                                       ;
;     -- NUMWORDS_A                         ; 8                                                                                        ;
;     -- OUTDATA_REG_A                      ; UNREGISTERED                                                                             ;
;     -- WIDTH_B                            ; 1                                                                                        ;
;     -- NUMWORDS_B                         ; 1                                                                                        ;
;     -- ADDRESS_REG_B                      ; CLOCK1                                                                                   ;
;     -- OUTDATA_REG_B                      ; UNREGISTERED                                                                             ;
;     -- RAM_BLOCK_TYPE                     ; AUTO                                                                                     ;
;     -- READ_DURING_WRITE_MODE_MIXED_PORTS ; DONT_CARE                                                                                ;
+-------------------------------------------+------------------------------------------------------------------------------------------+


+-------------------------------+
; Elapsed Time Per Partition    ;
+----------------+--------------+
; Partition Name ; Elapsed Time ;
+----------------+--------------+
; Top            ; 00:00:01     ;
+----------------+--------------+


+-------------------------------+
; Analysis & Synthesis Messages ;
+-------------------------------+
Info: *******************************************************************
Info: Running Quartus II 64-Bit Analysis & Synthesis
    Info: Version 13.0.1 Build 232 06/12/2013 Service Pack 1 SJ Web Edition
    Info: Processing started: Tue May 06 14:10:11 2014
Info: Command: quartus_map --read_settings_files=on --write_settings_files=off sram -c sram
Warning (20028): Parallel compilation is not licensed and has been disabled
Info (12021): Found 2 design units, including 1 entities, in source file //psf/home/desktop/vga_sram_rx_interface.vhd
    Info (12022): Found design unit 1: vga_sram_rx_interface-assign_sig
    Info (12023): Found entity 1: vga_sram_rx_interface
Info (12021): Found 2 design units, including 1 entities, in source file //psf/home/desktop/leddcd.vhd
    Info (12022): Found design unit 1: leddcd-data_flow
    Info (12023): Found entity 1: leddcd
Info (12021): Found 2 design units, including 1 entities, in source file colorrom.vhd
    Info (12022): Found design unit 1: colorrom-SYN
    Info (12023): Found entity 1: colorROM
Info (12021): Found 2 design units, including 1 entities, in source file vga_top_level.vhd
    Info (12022): Found design unit 1: VGA_top_level-structural
    Info (12023): Found entity 1: VGA_top_level
Info (12021): Found 2 design units, including 1 entities, in source file vga_sync.vhd
    Info (12022): Found design unit 1: VGA_SYNC-behavioral
    Info (12023): Found entity 1: VGA_SYNC
Info (12021): Found 2 design units, including 1 entities, in source file pixelgenerator.vhd
    Info (12022): Found design unit 1: pixelGenerator-behavioral
    Info (12023): Found entity 1: pixelGenerator
Info (12021): Found 2 design units, including 1 entities, in source file sram.vhd
    Info (12022): Found design unit 1: sram-arch
    Info (12023): Found entity 1: sram
Info (12021): Found 2 design units, including 0 entities, in source file sramdec.vhd
    Info (12022): Found design unit 1: sramdec
    Info (12022): Found design unit 2: sramdec-body
Info (12127): Elaborating entity "sram" for the top level hierarchy
Warning (10541): VHDL Signal Declaration warning at sram.vhd(20): used implicit default value for signal "segments_out8" because signal was never assigned a value or an explicit default value. Use of implicit default value may introduce unintended design optimizations.
Warning (10541): VHDL Signal Declaration warning at sram.vhd(21): used implicit default value for signal "segments_out9" because signal was never assigned a value or an explicit default value. Use of implicit default value may introduce unintended design optimizations.
Warning (10541): VHDL Signal Declaration warning at sram.vhd(22): used implicit default value for signal "segments_out10" because signal was never assigned a value or an explicit default value. Use of implicit default value may introduce unintended design optimizations.
Warning (10541): VHDL Signal Declaration warning at sram.vhd(23): used implicit default value for signal "segment_out" because signal was never assigned a value or an explicit default value. Use of implicit default value may introduce unintended design optimizations.
Warning (10036): Verilog HDL or VHDL warning at sram.vhd(42): object "rst" assigned a value but never read
Warning (10492): VHDL Process Statement warning at sram.vhd(145): signal "addr_sig" is read inside the Process Statement but isn't in the Process Statement's sensitivity list
Warning (10631): VHDL Process Statement warning at sram.vhd(130): inferring latch(es) for signal or variable "addr_sig", which holds its previous value in one or more paths through the process
Warning (10631): VHDL Process Statement warning at sram.vhd(130): inferring latch(es) for signal or variable "data_f2s_next", which holds its previous value in one or more paths through the process
Warning (10631): VHDL Process Statement warning at sram.vhd(130): inferring latch(es) for signal or variable "colorAddress", which holds its previous value in one or more paths through the process
Info (10041): Inferred latch for "colorAddress[0]" at sram.vhd(130)
Info (10041): Inferred latch for "colorAddress[1]" at sram.vhd(130)
Info (10041): Inferred latch for "colorAddress[2]" at sram.vhd(130)
Info (10041): Inferred latch for "data_f2s_next[0]" at sram.vhd(130)
Info (10041): Inferred latch for "data_f2s_next[1]" at sram.vhd(130)
Info (10041): Inferred latch for "data_f2s_next[2]" at sram.vhd(130)
Info (10041): Inferred latch for "data_f2s_next[3]" at sram.vhd(130)
Info (10041): Inferred latch for "data_f2s_next[4]" at sram.vhd(130)
Info (10041): Inferred latch for "data_f2s_next[5]" at sram.vhd(130)
Info (10041): Inferred latch for "data_f2s_next[6]" at sram.vhd(130)
Info (10041): Inferred latch for "data_f2s_next[7]" at sram.vhd(130)
Info (10041): Inferred latch for "data_f2s_next[8]" at sram.vhd(130)
Info (10041): Inferred latch for "data_f2s_next[9]" at sram.vhd(130)
Info (10041): Inferred latch for "data_f2s_next[10]" at sram.vhd(130)
Info (10041): Inferred latch for "data_f2s_next[11]" at sram.vhd(130)
Info (10041): Inferred latch for "data_f2s_next[12]" at sram.vhd(130)
Info (10041): Inferred latch for "data_f2s_next[13]" at sram.vhd(130)
Info (10041): Inferred latch for "data_f2s_next[14]" at sram.vhd(130)
Info (10041): Inferred latch for "data_f2s_next[15]" at sram.vhd(130)
Info (10041): Inferred latch for "addr_sig[0]" at sram.vhd(130)
Info (10041): Inferred latch for "addr_sig[1]" at sram.vhd(130)
Info (10041): Inferred latch for "addr_sig[2]" at sram.vhd(130)
Info (10041): Inferred latch for "addr_sig[3]" at sram.vhd(130)
Info (10041): Inferred latch for "addr_sig[4]" at sram.vhd(130)
Info (10041): Inferred latch for "addr_sig[5]" at sram.vhd(130)
Info (10041): Inferred latch for "addr_sig[6]" at sram.vhd(130)
Info (10041): Inferred latch for "addr_sig[7]" at sram.vhd(130)
Info (10041): Inferred latch for "addr_sig[8]" at sram.vhd(130)
Info (10041): Inferred latch for "addr_sig[9]" at sram.vhd(130)
Info (10041): Inferred latch for "addr_sig[10]" at sram.vhd(130)
Info (10041): Inferred latch for "addr_sig[11]" at sram.vhd(130)
Info (10041): Inferred latch for "addr_sig[12]" at sram.vhd(130)
Info (10041): Inferred latch for "addr_sig[13]" at sram.vhd(130)
Info (10041): Inferred latch for "addr_sig[14]" at sram.vhd(130)
Info (10041): Inferred latch for "addr_sig[15]" at sram.vhd(130)
Info (10041): Inferred latch for "addr_sig[16]" at sram.vhd(130)
Info (10041): Inferred latch for "addr_sig[17]" at sram.vhd(130)
Info (12128): Elaborating entity "VGA_top_level" for hierarchy "VGA_top_level:C3"
Info (12128): Elaborating entity "pixelGenerator" for hierarchy "VGA_top_level:C3|pixelGenerator:videoGen"
Warning (10036): Verilog HDL or VHDL warning at pixelGenerator.vhd(38): object "pixel_row_int" assigned a value but never read
Warning (10036): Verilog HDL or VHDL warning at pixelGenerator.vhd(38): object "pixel_column_int" assigned a value but never read
Info (12128): Elaborating entity "colorROM" for hierarchy "VGA_top_level:C3|pixelGenerator:videoGen|colorROM:colors"
Info (12128): Elaborating entity "altsyncram" for hierarchy "VGA_top_level:C3|pixelGenerator:videoGen|colorROM:colors|altsyncram:altsyncram_component"
Info (12130): Elaborated megafunction instantiation "VGA_top_level:C3|pixelGenerator:videoGen|colorROM:colors|altsyncram:altsyncram_component"
Info (12133): Instantiated megafunction "VGA_top_level:C3|pixelGenerator:videoGen|colorROM:colors|altsyncram:altsyncram_component" with the following parameter:
    Info (12134): Parameter "clock_enable_input_a" = "BYPASS"
    Info (12134): Parameter "clock_enable_output_a" = "BYPASS"
    Info (12134): Parameter "init_file" = "colorROM.mif"
    Info (12134): Parameter "intended_device_family" = "Cyclone II"
    Info (12134): Parameter "lpm_hint" = "ENABLE_RUNTIME_MOD=NO"
    Info (12134): Parameter "lpm_type" = "altsyncram"
    Info (12134): Parameter "numwords_a" = "8"
    Info (12134): Parameter "operation_mode" = "ROM"
    Info (12134): Parameter "outdata_aclr_a" = "NONE"
    Info (12134): Parameter "outdata_reg_a" = "UNREGISTERED"
    Info (12134): Parameter "widthad_a" = "3"
    Info (12134): Parameter "width_a" = "30"
    Info (12134): Parameter "width_byteena_a" = "1"
Info (12021): Found 1 design units, including 1 entities, in source file db/altsyncram_b481.tdf
    Info (12023): Found entity 1: altsyncram_b481
Info (12128): Elaborating entity "altsyncram_b481" for hierarchy "VGA_top_level:C3|pixelGenerator:videoGen|colorROM:colors|altsyncram:altsyncram_component|altsyncram_b481:auto_generated"
Info (12128): Elaborating entity "VGA_SYNC" for hierarchy "VGA_top_level:C3|VGA_SYNC:videoSync"
Warning (13034): The following nodes have both tri-state and non-tri-state drivers
    Warning (13035): Inserted always-enabled tri-state buffer between "colorAddress[0]" and its non-tri-state driver.
    Warning (13035): Inserted always-enabled tri-state buffer between "colorAddress[1]" and its non-tri-state driver.
    Warning (13035): Inserted always-enabled tri-state buffer between "colorAddress[2]" and its non-tri-state driver.
Info (13060): One or more bidirs are fed by always enabled tri-state buffers
    Info (13061): Fan-out of permanently enabled tri-state buffer feeding bidir "colorAddress[0]" is moved to its source
    Info (13061): Fan-out of permanently enabled tri-state buffer feeding bidir "colorAddress[1]" is moved to its source
    Info (13061): Fan-out of permanently enabled tri-state buffer feeding bidir "colorAddress[2]" is moved to its source
Warning (13012): Latch addr_sig[0] has unsafe behavior
    Warning (13013): Ports D and ENA on the latch are fed by the same signal mem
Warning (13012): Latch addr_sig[1] has unsafe behavior
    Warning (13013): Ports D and ENA on the latch are fed by the same signal mem
Warning (13012): Latch addr_sig[2] has unsafe behavior
    Warning (13013): Ports D and ENA on the latch are fed by the same signal mem
Warning (13012): Latch addr_sig[3] has unsafe behavior
    Warning (13013): Ports D and ENA on the latch are fed by the same signal mem
Warning (13012): Latch addr_sig[4] has unsafe behavior
    Warning (13013): Ports D and ENA on the latch are fed by the same signal mem
Warning (13012): Latch addr_sig[5] has unsafe behavior
    Warning (13013): Ports D and ENA on the latch are fed by the same signal mem
Warning (13012): Latch addr_sig[6] has unsafe behavior
    Warning (13013): Ports D and ENA on the latch are fed by the same signal mem
Warning (13012): Latch addr_sig[7] has unsafe behavior
    Warning (13013): Ports D and ENA on the latch are fed by the same signal mem
Warning (13012): Latch addr_sig[8] has unsafe behavior
    Warning (13013): Ports D and ENA on the latch are fed by the same signal mem
Warning (13012): Latch addr_sig[9] has unsafe behavior
    Warning (13013): Ports D and ENA on the latch are fed by the same signal mem
Warning (13012): Latch addr_sig[10] has unsafe behavior
    Warning (13013): Ports D and ENA on the latch are fed by the same signal mem
Warning (13012): Latch addr_sig[11] has unsafe behavior
    Warning (13013): Ports D and ENA on the latch are fed by the same signal mem
Warning (13012): Latch addr_sig[12] has unsafe behavior
    Warning (13013): Ports D and ENA on the latch are fed by the same signal mem
Warning (13012): Latch addr_sig[13] has unsafe behavior
    Warning (13013): Ports D and ENA on the latch are fed by the same signal mem
Warning (13012): Latch addr_sig[14] has unsafe behavior
    Warning (13013): Ports D and ENA on the latch are fed by the same signal mem
Warning (13012): Latch addr_sig[15] has unsafe behavior
    Warning (13013): Ports D and ENA on the latch are fed by the same signal mem
Warning (13012): Latch addr_sig[16] has unsafe behavior
    Warning (13013): Ports D and ENA on the latch are fed by the same signal mem
Warning (13012): Latch addr_sig[17] has unsafe behavior
    Warning (13013): Ports D and ENA on the latch are fed by the same signal mem
Info (13000): Registers with preset signals will power-up high
Info (13003): DEV_CLRn pin will set, and not reset, register with preset signal due to NOT Gate Push-Back
Warning (13009): TRI or OPNDRN buffers permanently enabled
    Warning (13010): Node "colorAddress[0]~synth"
    Warning (13010): Node "colorAddress[1]~synth"
    Warning (13010): Node "colorAddress[2]~synth"
Warning (13024): Output pins are stuck at VCC or GND
    Warning (13410): Pin "segments_out8[0]" is stuck at GND
    Warning (13410): Pin "segments_out8[1]" is stuck at GND
    Warning (13410): Pin "segments_out8[2]" is stuck at GND
    Warning (13410): Pin "segments_out8[3]" is stuck at GND
    Warning (13410): Pin "segments_out8[4]" is stuck at GND
    Warning (13410): Pin "segments_out8[5]" is stuck at GND
    Warning (13410): Pin "segments_out8[6]" is stuck at GND
    Warning (13410): Pin "segments_out9[0]" is stuck at GND
    Warning (13410): Pin "segments_out9[1]" is stuck at GND
    Warning (13410): Pin "segments_out9[2]" is stuck at GND
    Warning (13410): Pin "segments_out9[3]" is stuck at GND
    Warning (13410): Pin "segments_out9[4]" is stuck at GND
    Warning (13410): Pin "segments_out9[5]" is stuck at GND
    Warning (13410): Pin "segments_out9[6]" is stuck at GND
    Warning (13410): Pin "segments_out10[0]" is stuck at GND
    Warning (13410): Pin "segments_out10[1]" is stuck at GND
    Warning (13410): Pin "segments_out10[2]" is stuck at GND
    Warning (13410): Pin "segments_out10[3]" is stuck at GND
    Warning (13410): Pin "segments_out10[4]" is stuck at GND
    Warning (13410): Pin "segments_out10[5]" is stuck at GND
    Warning (13410): Pin "segments_out10[6]" is stuck at GND
    Warning (13410): Pin "segment_out[0][0]" is stuck at GND
    Warning (13410): Pin "segment_out[0][1]" is stuck at GND
    Warning (13410): Pin "segment_out[0][2]" is stuck at GND
    Warning (13410): Pin "segment_out[0][3]" is stuck at GND
    Warning (13410): Pin "segment_out[0][4]" is stuck at GND
    Warning (13410): Pin "segment_out[0][5]" is stuck at GND
    Warning (13410): Pin "segment_out[0][6]" is stuck at GND
    Warning (13410): Pin "segment_out[1][0]" is stuck at GND
    Warning (13410): Pin "segment_out[1][1]" is stuck at GND
    Warning (13410): Pin "segment_out[1][2]" is stuck at GND
    Warning (13410): Pin "segment_out[1][3]" is stuck at GND
    Warning (13410): Pin "segment_out[1][4]" is stuck at GND
    Warning (13410): Pin "segment_out[1][5]" is stuck at GND
    Warning (13410): Pin "segment_out[1][6]" is stuck at GND
    Warning (13410): Pin "segment_out[2][0]" is stuck at GND
    Warning (13410): Pin "segment_out[2][1]" is stuck at GND
    Warning (13410): Pin "segment_out[2][2]" is stuck at GND
    Warning (13410): Pin "segment_out[2][3]" is stuck at GND
    Warning (13410): Pin "segment_out[2][4]" is stuck at GND
    Warning (13410): Pin "segment_out[2][5]" is stuck at GND
    Warning (13410): Pin "segment_out[2][6]" is stuck at GND
    Warning (13410): Pin "segment_out[3][0]" is stuck at GND
    Warning (13410): Pin "segment_out[3][1]" is stuck at GND
    Warning (13410): Pin "segment_out[3][2]" is stuck at GND
    Warning (13410): Pin "segment_out[3][3]" is stuck at GND
    Warning (13410): Pin "segment_out[3][4]" is stuck at GND
    Warning (13410): Pin "segment_out[3][5]" is stuck at GND
    Warning (13410): Pin "segment_out[3][6]" is stuck at GND
    Warning (13410): Pin "ce_a_n" is stuck at GND
    Warning (13410): Pin "ub_a_n" is stuck at GND
    Warning (13410): Pin "lb_a_n" is stuck at GND
Warning (18029): Output pin "data_s2f_ur[0]" driven by bidirectional pin "dio_a[0]" cannot be tri-stated
Warning (18029): Output pin "data_s2f_ur[1]" driven by bidirectional pin "dio_a[1]" cannot be tri-stated
Warning (18029): Output pin "data_s2f_ur[2]" driven by bidirectional pin "dio_a[2]" cannot be tri-stated
Warning (18029): Output pin "data_s2f_ur[3]" driven by bidirectional pin "dio_a[3]" cannot be tri-stated
Warning (18029): Output pin "data_s2f_ur[4]" driven by bidirectional pin "dio_a[4]" cannot be tri-stated
Warning (18029): Output pin "data_s2f_ur[5]" driven by bidirectional pin "dio_a[5]" cannot be tri-stated
Warning (18029): Output pin "data_s2f_ur[6]" driven by bidirectional pin "dio_a[6]" cannot be tri-stated
Warning (18029): Output pin "data_s2f_ur[7]" driven by bidirectional pin "dio_a[7]" cannot be tri-stated
Warning (18029): Output pin "data_s2f_ur[8]" driven by bidirectional pin "dio_a[8]" cannot be tri-stated
Warning (18029): Output pin "data_s2f_ur[9]" driven by bidirectional pin "dio_a[9]" cannot be tri-stated
Warning (18029): Output pin "data_s2f_ur[10]" driven by bidirectional pin "dio_a[10]" cannot be tri-stated
Warning (18029): Output pin "data_s2f_ur[11]" driven by bidirectional pin "dio_a[11]" cannot be tri-stated
Warning (18029): Output pin "data_s2f_ur[12]" driven by bidirectional pin "dio_a[12]" cannot be tri-stated
Warning (18029): Output pin "data_s2f_ur[13]" driven by bidirectional pin "dio_a[13]" cannot be tri-stated
Warning (18029): Output pin "data_s2f_ur[14]" driven by bidirectional pin "dio_a[14]" cannot be tri-stated
Warning (18029): Output pin "data_s2f_ur[15]" driven by bidirectional pin "dio_a[15]" cannot be tri-stated
Info (286030): Timing-Driven Synthesis is running
Info (16010): Generating hard_block partition "hard_block:auto_generated_inst"
    Info (16011): Adding 0 node(s), including 0 DDIO, 0 PLL, 0 transceiver and 0 LCELL
Warning (21074): Design contains 20 input pin(s) that do not drive logic
    Warning (15610): No output dependent on input pin "addr[0]"
    Warning (15610): No output dependent on input pin "addr[1]"
    Warning (15610): No output dependent on input pin "addr[2]"
    Warning (15610): No output dependent on input pin "addr[3]"
    Warning (15610): No output dependent on input pin "data_f2s[0]"
    Warning (15610): No output dependent on input pin "data_f2s[1]"
    Warning (15610): No output dependent on input pin "data_f2s[2]"
    Warning (15610): No output dependent on input pin "data_f2s[3]"
    Warning (15610): No output dependent on input pin "data_f2s[4]"
    Warning (15610): No output dependent on input pin "data_f2s[5]"
    Warning (15610): No output dependent on input pin "data_f2s[6]"
    Warning (15610): No output dependent on input pin "data_f2s[7]"
    Warning (15610): No output dependent on input pin "data_f2s[8]"
    Warning (15610): No output dependent on input pin "data_f2s[9]"
    Warning (15610): No output dependent on input pin "data_f2s[10]"
    Warning (15610): No output dependent on input pin "data_f2s[11]"
    Warning (15610): No output dependent on input pin "data_f2s[12]"
    Warning (15610): No output dependent on input pin "data_f2s[13]"
    Warning (15610): No output dependent on input pin "data_f2s[14]"
    Warning (15610): No output dependent on input pin "data_f2s[15]"
Info (21057): Implemented 493 device resources after synthesis - the final resource count might be different
    Info (21058): Implemented 24 input pins
    Info (21059): Implemented 140 output pins
    Info (21060): Implemented 19 bidirectional pins
    Info (21061): Implemented 280 logic cells
    Info (21064): Implemented 30 RAM segments
Info: Quartus II 64-Bit Analysis & Synthesis was successful. 0 errors, 146 warnings
    Info: Peak virtual memory: 507 megabytes
    Info: Processing ended: Tue May 06 14:10:15 2014
    Info: Elapsed time: 00:00:04
    Info: Total CPU time (on all processors): 00:00:03


