Analysis & Synthesis report for camera
Fri Apr 25 14:04:40 2014
Quartus II 64-Bit Version 13.0.1 Build 232 06/12/2013 Service Pack 1 SJ Web Edition


---------------------
; Table of Contents ;
---------------------
  1. Legal Notice
  2. Analysis & Synthesis Summary
  3. Analysis & Synthesis Settings
  4. Parallel Compilation
  5. Analysis & Synthesis Source Files Read
  6. Analysis & Synthesis Resource Usage Summary
  7. Analysis & Synthesis Resource Utilization by Entity
  8. State Machine - |camera|state_reg
  9. State Machine - |camera|de2_sram_ctrl:sram_cont|state_reg
 10. User-Specified and Inferred Latches
 11. Registers Removed During Synthesis
 12. General Register Statistics
 13. Inverted Register Statistics
 14. Multiplexer Restructuring Statistics (Restructuring Performed)
 15. Port Connectivity Checks: "VGA_SYNC2:vga_cont2"
 16. Port Connectivity Checks: "hex7seg:hex7seg_4"
 17. Elapsed Time Per Partition
 18. Analysis & Synthesis Messages



----------------
; Legal Notice ;
----------------
Copyright (C) 1991-2013 Altera Corporation
Your use of Altera Corporation's design tools, logic functions 
and other software and tools, and its AMPP partner logic 
functions, and any output files from any of the foregoing 
(including device programming or simulation files), and any 
associated documentation or information are expressly subject 
to the terms and conditions of the Altera Program License 
Subscription Agreement, Altera MegaCore Function License 
Agreement, or other applicable license agreement, including, 
without limitation, that your use is for the sole purpose of 
programming logic devices manufactured by Altera and sold by 
Altera or its authorized distributors.  Please refer to the 
applicable agreement for further details.



+--------------------------------------------------------------------------------------+
; Analysis & Synthesis Summary                                                         ;
+------------------------------------+-------------------------------------------------+
; Analysis & Synthesis Status        ; Successful - Fri Apr 25 14:04:40 2014           ;
; Quartus II 64-Bit Version          ; 13.0.1 Build 232 06/12/2013 SP 1 SJ Web Edition ;
; Revision Name                      ; camera                                          ;
; Top-level Entity Name              ; camera                                          ;
; Family                             ; Cyclone II                                      ;
; Total logic elements               ; 431                                             ;
;     Total combinational functions  ; 350                                             ;
;     Dedicated logic registers      ; 226                                             ;
; Total registers                    ; 226                                             ;
; Total pins                         ; 171                                             ;
; Total virtual pins                 ; 0                                               ;
; Total memory bits                  ; 0                                               ;
; Embedded Multiplier 9-bit elements ; 0                                               ;
; Total PLLs                         ; 0                                               ;
+------------------------------------+-------------------------------------------------+


+----------------------------------------------------------------------------------------------------------------------+
; Analysis & Synthesis Settings                                                                                        ;
+----------------------------------------------------------------------------+--------------------+--------------------+
; Option                                                                     ; Setting            ; Default Value      ;
+----------------------------------------------------------------------------+--------------------+--------------------+
; Device                                                                     ; EP2C35F672C6       ;                    ;
; Top-level entity name                                                      ; camera             ; camera             ;
; Family name                                                                ; Cyclone II         ; Cyclone IV GX      ;
; Use smart compilation                                                      ; Off                ; Off                ;
; Enable parallel Assembler and TimeQuest Timing Analyzer during compilation ; On                 ; On                 ;
; Enable compact report table                                                ; Off                ; Off                ;
; Restructure Multiplexers                                                   ; Auto               ; Auto               ;
; Create Debugging Nodes for IP Cores                                        ; Off                ; Off                ;
; Preserve fewer node names                                                  ; On                 ; On                 ;
; Disable OpenCore Plus hardware evaluation                                  ; Off                ; Off                ;
; Verilog Version                                                            ; Verilog_2001       ; Verilog_2001       ;
; VHDL Version                                                               ; VHDL_1993          ; VHDL_1993          ;
; State Machine Processing                                                   ; Auto               ; Auto               ;
; Safe State Machine                                                         ; Off                ; Off                ;
; Extract Verilog State Machines                                             ; On                 ; On                 ;
; Extract VHDL State Machines                                                ; On                 ; On                 ;
; Ignore Verilog initial constructs                                          ; Off                ; Off                ;
; Iteration limit for constant Verilog loops                                 ; 5000               ; 5000               ;
; Iteration limit for non-constant Verilog loops                             ; 250                ; 250                ;
; Add Pass-Through Logic to Inferred RAMs                                    ; On                 ; On                 ;
; Infer RAMs from Raw Logic                                                  ; On                 ; On                 ;
; Parallel Synthesis                                                         ; On                 ; On                 ;
; DSP Block Balancing                                                        ; Auto               ; Auto               ;
; NOT Gate Push-Back                                                         ; On                 ; On                 ;
; Power-Up Don't Care                                                        ; On                 ; On                 ;
; Remove Redundant Logic Cells                                               ; Off                ; Off                ;
; Remove Duplicate Registers                                                 ; On                 ; On                 ;
; Ignore CARRY Buffers                                                       ; Off                ; Off                ;
; Ignore CASCADE Buffers                                                     ; Off                ; Off                ;
; Ignore GLOBAL Buffers                                                      ; Off                ; Off                ;
; Ignore ROW GLOBAL Buffers                                                  ; Off                ; Off                ;
; Ignore LCELL Buffers                                                       ; Off                ; Off                ;
; Ignore SOFT Buffers                                                        ; On                 ; On                 ;
; Limit AHDL Integers to 32 Bits                                             ; Off                ; Off                ;
; Optimization Technique                                                     ; Balanced           ; Balanced           ;
; Carry Chain Length                                                         ; 70                 ; 70                 ;
; Auto Carry Chains                                                          ; On                 ; On                 ;
; Auto Open-Drain Pins                                                       ; On                 ; On                 ;
; Perform WYSIWYG Primitive Resynthesis                                      ; Off                ; Off                ;
; Auto ROM Replacement                                                       ; On                 ; On                 ;
; Auto RAM Replacement                                                       ; On                 ; On                 ;
; Auto Shift Register Replacement                                            ; Auto               ; Auto               ;
; Allow Shift Register Merging across Hierarchies                            ; Auto               ; Auto               ;
; Auto Clock Enable Replacement                                              ; On                 ; On                 ;
; Strict RAM Replacement                                                     ; Off                ; Off                ;
; Allow Synchronous Control Signals                                          ; On                 ; On                 ;
; Force Use of Synchronous Clear Signals                                     ; Off                ; Off                ;
; Auto RAM to Logic Cell Conversion                                          ; Off                ; Off                ;
; Auto Resource Sharing                                                      ; Off                ; Off                ;
; Allow Any RAM Size For Recognition                                         ; Off                ; Off                ;
; Allow Any ROM Size For Recognition                                         ; Off                ; Off                ;
; Allow Any Shift Register Size For Recognition                              ; Off                ; Off                ;
; Use LogicLock Constraints during Resource Balancing                        ; On                 ; On                 ;
; Ignore translate_off and synthesis_off directives                          ; Off                ; Off                ;
; Timing-Driven Synthesis                                                    ; Off                ; Off                ;
; Report Parameter Settings                                                  ; On                 ; On                 ;
; Report Source Assignments                                                  ; On                 ; On                 ;
; Report Connectivity Checks                                                 ; On                 ; On                 ;
; Ignore Maximum Fan-Out Assignments                                         ; Off                ; Off                ;
; Synchronization Register Chain Length                                      ; 2                  ; 2                  ;
; PowerPlay Power Optimization                                               ; Normal compilation ; Normal compilation ;
; HDL message level                                                          ; Level2             ; Level2             ;
; Suppress Register Optimization Related Messages                            ; Off                ; Off                ;
; Number of Removed Registers Reported in Synthesis Report                   ; 5000               ; 5000               ;
; Number of Swept Nodes Reported in Synthesis Report                         ; 5000               ; 5000               ;
; Number of Inverted Registers Reported in Synthesis Report                  ; 100                ; 100                ;
; Clock MUX Protection                                                       ; On                 ; On                 ;
; Auto Gated Clock Conversion                                                ; Off                ; Off                ;
; Block Design Naming                                                        ; Auto               ; Auto               ;
; SDC constraint protection                                                  ; Off                ; Off                ;
; Synthesis Effort                                                           ; Auto               ; Auto               ;
; Shift Register Replacement - Allow Asynchronous Clear Signal               ; On                 ; On                 ;
; Pre-Mapping Resynthesis Optimization                                       ; Off                ; Off                ;
; Analysis & Synthesis Message Level                                         ; Medium             ; Medium             ;
; Disable Register Merging Across Hierarchies                                ; Auto               ; Auto               ;
; Resource Aware Inference For Block RAM                                     ; On                 ; On                 ;
; Synthesis Seed                                                             ; 1                  ; 1                  ;
+----------------------------------------------------------------------------+--------------------+--------------------+


Parallel compilation was disabled, but you have multiple processors available. Enable parallel compilation to reduce compilation time.
+-------------------------------------+
; Parallel Compilation                ;
+----------------------------+--------+
; Processors                 ; Number ;
+----------------------------+--------+
; Number detected on machine ; 8      ;
; Maximum allowed            ; 1      ;
+----------------------------+--------+


+----------------------------------------------------------------------------------------------------------------------------------------------------+
; Analysis & Synthesis Source Files Read                                                                                                             ;
+----------------------------------+-----------------+-----------------+-------------------------------------------------------------------+---------+
; File Name with User-Entered Path ; Used in Netlist ; File Type       ; File Name with Absolute Path                                      ; Library ;
+----------------------------------+-----------------+-----------------+-------------------------------------------------------------------+---------+
; hex7seg.vhd                      ; yes             ; User VHDL File  ; C:/Users/Ilya/Documents/Altera/Projects/Cam_392/hex7seg.vhd       ;         ;
; camera.vhd                       ; yes             ; User VHDL File  ; C:/Users/Ilya/Documents/Altera/Projects/Cam_392/camera.vhd        ;         ;
; de2_sram_ctrl.vhd                ; yes             ; User VHDL File  ; C:/Users/Ilya/Documents/Altera/Projects/Cam_392/de2_sram_ctrl.vhd ;         ;
; vga_sync2.vhd                    ; yes             ; User VHDL File  ; C:/Users/Ilya/Documents/Altera/Projects/Cam_392/vga_sync2.vhd     ;         ;
+----------------------------------+-----------------+-----------------+-------------------------------------------------------------------+---------+


+-----------------------------------------------------+
; Analysis & Synthesis Resource Usage Summary         ;
+---------------------------------------------+-------+
; Resource                                    ; Usage ;
+---------------------------------------------+-------+
; Estimated Total logic elements              ; 431   ;
;                                             ;       ;
; Total combinational functions               ; 350   ;
; Logic element usage by number of LUT inputs ;       ;
;     -- 4 input functions                    ; 125   ;
;     -- 3 input functions                    ; 93    ;
;     -- <=2 input functions                  ; 132   ;
;                                             ;       ;
; Logic elements by mode                      ;       ;
;     -- normal mode                          ; 194   ;
;     -- arithmetic mode                      ; 156   ;
;                                             ;       ;
; Total registers                             ; 226   ;
;     -- Dedicated logic registers            ; 226   ;
;     -- I/O registers                        ; 0     ;
;                                             ;       ;
; I/O pins                                    ; 171   ;
; Embedded Multiplier 9-bit elements          ; 0     ;
; Maximum fan-out node                        ; clk   ;
; Maximum fan-out                             ; 143   ;
; Total fan-out                               ; 2044  ;
; Average fan-out                             ; 2.74  ;
+---------------------------------------------+-------+


+-------------------------------------------------------------------------------------------------------------------------------------------------------------------------------------------+
; Analysis & Synthesis Resource Utilization by Entity                                                                                                                                       ;
+------------------------------+-------------------+--------------+-------------+--------------+---------+-----------+------+--------------+---------------------------------+--------------+
; Compilation Hierarchy Node   ; LC Combinationals ; LC Registers ; Memory Bits ; DSP Elements ; DSP 9x9 ; DSP 18x18 ; Pins ; Virtual Pins ; Full Hierarchy Name             ; Library Name ;
+------------------------------+-------------------+--------------+-------------+--------------+---------+-----------+------+--------------+---------------------------------+--------------+
; |camera                      ; 350 (221)         ; 226 (122)    ; 0           ; 0            ; 0       ; 0         ; 171  ; 0            ; |camera                         ; work         ;
;    |VGA_SYNC2:vga_cont2|     ; 59 (59)           ; 46 (46)      ; 0           ; 0            ; 0       ; 0         ; 0    ; 0            ; |camera|VGA_SYNC2:vga_cont2     ; work         ;
;    |de2_sram_ctrl:sram_cont| ; 21 (21)           ; 58 (58)      ; 0           ; 0            ; 0       ; 0         ; 0    ; 0            ; |camera|de2_sram_ctrl:sram_cont ; work         ;
;    |hex7seg:hex7seg_0|       ; 7 (7)             ; 0 (0)        ; 0           ; 0            ; 0       ; 0         ; 0    ; 0            ; |camera|hex7seg:hex7seg_0       ; work         ;
;    |hex7seg:hex7seg_1|       ; 7 (7)             ; 0 (0)        ; 0           ; 0            ; 0       ; 0         ; 0    ; 0            ; |camera|hex7seg:hex7seg_1       ; work         ;
;    |hex7seg:hex7seg_2|       ; 7 (7)             ; 0 (0)        ; 0           ; 0            ; 0       ; 0         ; 0    ; 0            ; |camera|hex7seg:hex7seg_2       ; work         ;
;    |hex7seg:hex7seg_3|       ; 7 (7)             ; 0 (0)        ; 0           ; 0            ; 0       ; 0         ; 0    ; 0            ; |camera|hex7seg:hex7seg_3       ; work         ;
;    |hex7seg:hex7seg_4|       ; 3 (3)             ; 0 (0)        ; 0           ; 0            ; 0       ; 0         ; 0    ; 0            ; |camera|hex7seg:hex7seg_4       ; work         ;
;    |hex7seg:hex7seg_5|       ; 4 (4)             ; 0 (0)        ; 0           ; 0            ; 0       ; 0         ; 0    ; 0            ; |camera|hex7seg:hex7seg_5       ; work         ;
;    |hex7seg:hex7seg_6|       ; 7 (7)             ; 0 (0)        ; 0           ; 0            ; 0       ; 0         ; 0    ; 0            ; |camera|hex7seg:hex7seg_6       ; work         ;
;    |hex7seg:hex7seg_7|       ; 7 (7)             ; 0 (0)        ; 0           ; 0            ; 0       ; 0         ; 0    ; 0            ; |camera|hex7seg:hex7seg_7       ; work         ;
+------------------------------+-------------------+--------------+-------------+--------------+---------+-----------+------+--------------+---------------------------------+--------------+
Note: For table entries with two numbers listed, the numbers in parentheses indicate the number of resources of the given type used by the specific entity alone. The numbers listed outside of parentheses indicate the total resources of the given type used by the specific entity and all of its sub-entities in the hierarchy.


Encoding Type:  One-Hot
+-------------------------------------------------------------------------------------------------------------------------------------------------------------------------------+
; State Machine - |camera|state_reg                                                                                                                                             ;
+---------------------+---------------------+----------------+--------------------+---------------------+--------------------+----------------+----------------+----------------+
; Name                ; state_reg.vga_disp2 ; state_reg.temp ; state_reg.sram_rd1 ; state_reg.vga_disp1 ; state_reg.sram_wr1 ; state_reg.cam2 ; state_reg.cam1 ; state_reg.idle ;
+---------------------+---------------------+----------------+--------------------+---------------------+--------------------+----------------+----------------+----------------+
; state_reg.idle      ; 0                   ; 0              ; 0                  ; 0                   ; 0                  ; 0              ; 0              ; 0              ;
; state_reg.cam1      ; 0                   ; 0              ; 0                  ; 0                   ; 0                  ; 0              ; 1              ; 1              ;
; state_reg.cam2      ; 0                   ; 0              ; 0                  ; 0                   ; 0                  ; 1              ; 0              ; 1              ;
; state_reg.sram_wr1  ; 0                   ; 0              ; 0                  ; 0                   ; 1                  ; 0              ; 0              ; 1              ;
; state_reg.vga_disp1 ; 0                   ; 0              ; 0                  ; 1                   ; 0                  ; 0              ; 0              ; 1              ;
; state_reg.sram_rd1  ; 0                   ; 0              ; 1                  ; 0                   ; 0                  ; 0              ; 0              ; 1              ;
; state_reg.temp      ; 0                   ; 1              ; 0                  ; 0                   ; 0                  ; 0              ; 0              ; 1              ;
; state_reg.vga_disp2 ; 1                   ; 0              ; 0                  ; 0                   ; 0                  ; 0              ; 0              ; 1              ;
+---------------------+---------------------+----------------+--------------------+---------------------+--------------------+----------------+----------------+----------------+


Encoding Type:  One-Hot
+-------------------------------------------------------------------------------------------------+
; State Machine - |camera|de2_sram_ctrl:sram_cont|state_reg                                       ;
+----------------+---------------+---------------+---------------+---------------+----------------+
; Name           ; state_reg.wr2 ; state_reg.wr1 ; state_reg.rd2 ; state_reg.rd1 ; state_reg.idle ;
+----------------+---------------+---------------+---------------+---------------+----------------+
; state_reg.idle ; 0             ; 0             ; 0             ; 0             ; 0              ;
; state_reg.rd1  ; 0             ; 0             ; 0             ; 1             ; 1              ;
; state_reg.rd2  ; 0             ; 0             ; 1             ; 0             ; 1              ;
; state_reg.wr1  ; 0             ; 1             ; 0             ; 0             ; 1              ;
; state_reg.wr2  ; 1             ; 0             ; 0             ; 0             ; 1              ;
+----------------+---------------+---------------+---------------+---------------+----------------+


+---------------------------------------------------------------------------------------------------+
; User-Specified and Inferred Latches                                                               ;
+----------------------------------------------------+---------------------+------------------------+
; Latch Name                                         ; Latch Enable Signal ; Free of Timing Hazards ;
+----------------------------------------------------+---------------------+------------------------+
; im_LB[0]                                           ; im_LB[6]            ; yes                    ;
; im_LB[1]                                           ; im_LB[6]            ; yes                    ;
; im_LB[2]                                           ; im_LB[6]            ; yes                    ;
; im_LB[3]                                           ; im_LB[6]            ; yes                    ;
; im_LB[4]                                           ; im_LB[6]            ; yes                    ;
; im_LB[5]                                           ; im_LB[6]            ; yes                    ;
; im_LB[6]                                           ; im_LB[6]            ; yes                    ;
; im_LB[7]                                           ; im_LB[6]            ; yes                    ;
; Number of user-specified and inferred latches = 8  ;                     ;                        ;
+----------------------------------------------------+---------------------+------------------------+
Note: All latches listed above may not be present at the end of synthesis due to various synthesis optimizations.


+--------------------------------------------------------------------------------+
; Registers Removed During Synthesis                                             ;
+---------------------------------------+----------------------------------------+
; Register name                         ; Reason for Removal                     ;
+---------------------------------------+----------------------------------------+
; VGA_SYNC2:vga_cont2|pixel_row[9]      ; Stuck at GND due to stuck port data_in ;
; state_reg.temp                        ; Stuck at GND due to stuck port data_in ;
; Total Number of Removed Registers = 2 ;                                        ;
+---------------------------------------+----------------------------------------+


+------------------------------------------------------+
; General Register Statistics                          ;
+----------------------------------------------+-------+
; Statistic                                    ; Value ;
+----------------------------------------------+-------+
; Total registers                              ; 226   ;
; Number of registers using Synchronous Clear  ; 54    ;
; Number of registers using Synchronous Load   ; 11    ;
; Number of registers using Asynchronous Clear ; 175   ;
; Number of registers using Asynchronous Load  ; 0     ;
; Number of registers using Clock Enable       ; 178   ;
; Number of registers using Preset             ; 0     ;
+----------------------------------------------+-------+


+--------------------------------------------------+
; Inverted Register Statistics                     ;
+----------------------------------------+---------+
; Inverted Register                      ; Fan out ;
+----------------------------------------+---------+
; de2_sram_ctrl:sram_cont|we_reg         ; 2       ;
; de2_sram_ctrl:sram_cont|oe_reg         ; 2       ;
; de2_sram_ctrl:sram_cont|tri_reg        ; 17      ;
; Total number of inverted registers = 3 ;         ;
+----------------------------------------+---------+


+--------------------------------------------------------------------------------------------------------------------------------------------------------------+
; Multiplexer Restructuring Statistics (Restructuring Performed)                                                                                               ;
+--------------------+-----------+---------------+----------------------+------------------------+------------+------------------------------------------------+
; Multiplexer Inputs ; Bus Width ; Baseline Area ; Area if Restructured ; Saving if Restructured ; Registered ; Example Multiplexer Output                     ;
+--------------------+-----------+---------------+----------------------+------------------------+------------+------------------------------------------------+
; 3:1                ; 10 bits   ; 20 LEs        ; 10 LEs               ; 10 LEs                 ; Yes        ; |camera|VGA_SYNC2:vga_cont2|v_count[7]         ;
; 6:1                ; 18 bits   ; 72 LEs        ; 18 LEs               ; 54 LEs                 ; Yes        ; |camera|addr_gen_sram_reg[3]                   ;
; 6:1                ; 18 bits   ; 72 LEs        ; 18 LEs               ; 54 LEs                 ; Yes        ; |camera|pixel_count_wr_reg[3]                  ;
; 3:1                ; 2 bits    ; 4 LEs         ; 2 LEs                ; 2 LEs                  ; No         ; |camera|de2_sram_ctrl:sram_cont|state_next.wr1 ;
; 4:1                ; 3 bits    ; 6 LEs         ; 6 LEs                ; 0 LEs                  ; No         ; |camera|de2_sram_ctrl:sram_cont|state_ind[0]   ;
; 6:1                ; 2 bits    ; 8 LEs         ; 6 LEs                ; 2 LEs                  ; No         ; |camera|state_ind                              ;
; 7:1                ; 2 bits    ; 8 LEs         ; 8 LEs                ; 0 LEs                  ; No         ; |camera|state_ind                              ;
+--------------------+-----------+---------------+----------------------+------------------------+------------+------------------------------------------------+


+----------------------------------------------------------------------------------------------------------------+
; Port Connectivity Checks: "VGA_SYNC2:vga_cont2"                                                                ;
+------+--------+----------+-------------------------------------------------------------------------------------+
; Port ; Type   ; Severity ; Details                                                                             ;
+------+--------+----------+-------------------------------------------------------------------------------------+
; eof  ; Output ; Info     ; Connected to dangling logic. Logic that only feeds a dangling port will be removed. ;
+------+--------+----------+-------------------------------------------------------------------------------------+


+-----------------------------------------------+
; Port Connectivity Checks: "hex7seg:hex7seg_4" ;
+-------------+-------+----------+--------------+
; Port        ; Type  ; Severity ; Details      ;
+-------------+-------+----------+--------------+
; input[3..2] ; Input ; Info     ; Stuck at GND ;
+-------------+-------+----------+--------------+


+-------------------------------+
; Elapsed Time Per Partition    ;
+----------------+--------------+
; Partition Name ; Elapsed Time ;
+----------------+--------------+
; Top            ; 00:00:00     ;
+----------------+--------------+


+-------------------------------+
; Analysis & Synthesis Messages ;
+-------------------------------+
Info: *******************************************************************
Info: Running Quartus II 64-Bit Analysis & Synthesis
    Info: Version 13.0.1 Build 232 06/12/2013 Service Pack 1 SJ Web Edition
    Info: Processing started: Fri Apr 25 14:04:37 2014
Info: Command: quartus_map --read_settings_files=on --write_settings_files=off camera -c camera
Warning (20028): Parallel compilation is not licensed and has been disabled
Info (12021): Found 2 design units, including 1 entities, in source file hex7seg.vhd
    Info (12022): Found design unit 1: hex7seg-combinational
    Info (12023): Found entity 1: hex7seg
Info (12021): Found 2 design units, including 1 entities, in source file camera.vhd
    Info (12022): Found design unit 1: camera-arch
    Info (12023): Found entity 1: camera
Info (12021): Found 2 design units, including 1 entities, in source file de2_sram_ctrl.vhd
    Info (12022): Found design unit 1: de2_sram_ctrl-arch
    Info (12023): Found entity 1: de2_sram_ctrl
Info (12021): Found 2 design units, including 1 entities, in source file vga_sync.vhd
    Info (12022): Found design unit 1: vga_sync-arch
    Info (12023): Found entity 1: vga_sync
Info (12021): Found 2 design units, including 1 entities, in source file vga_sync2.vhd
    Info (12022): Found design unit 1: VGA_SYNC2-behavioral
    Info (12023): Found entity 1: VGA_SYNC2
Info (12021): Found 2 design units, including 1 entities, in source file pixelgenerator.vhd
    Info (12022): Found design unit 1: pixelGenerator-arch
    Info (12023): Found entity 1: pixelGenerator
Info (12127): Elaborating entity "camera" for the top level hierarchy
Warning (10541): VHDL Signal Declaration warning at camera.vhd(23): used implicit default value for signal "VGA_SYNC" because signal was never assigned a value or an explicit default value. Use of implicit default value may introduce unintended design optimizations.
Warning (10036): Verilog HDL or VHDL warning at camera.vhd(61): object "mem_read" assigned a value but never read
Warning (10492): VHDL Process Statement warning at camera.vhd(306): signal "im" is read inside the Process Statement but isn't in the Process Statement's sensitivity list
Warning (10492): VHDL Process Statement warning at camera.vhd(310): signal "im" is read inside the Process Statement but isn't in the Process Statement's sensitivity list
Warning (10492): VHDL Process Statement warning at camera.vhd(310): signal "im_LB" is read inside the Process Statement but isn't in the Process Statement's sensitivity list
Warning (10492): VHDL Process Statement warning at camera.vhd(364): signal "px" is read inside the Process Statement but isn't in the Process Statement's sensitivity list
Warning (10492): VHDL Process Statement warning at camera.vhd(364): signal "py" is read inside the Process Statement but isn't in the Process Statement's sensitivity list
Warning (10631): VHDL Process Statement warning at camera.vhd(266): inferring latch(es) for signal or variable "im_LB", which holds its previous value in one or more paths through the process
Warning (10873): Using initial value X (don't care) for net "LEDR[17..3]" at camera.vhd(29)
Warning (10873): Using initial value X (don't care) for net "LEDG[7..4]" at camera.vhd(30)
Info (10041): Inferred latch for "im_LB[0]" at camera.vhd(266)
Info (10041): Inferred latch for "im_LB[1]" at camera.vhd(266)
Info (10041): Inferred latch for "im_LB[2]" at camera.vhd(266)
Info (10041): Inferred latch for "im_LB[3]" at camera.vhd(266)
Info (10041): Inferred latch for "im_LB[4]" at camera.vhd(266)
Info (10041): Inferred latch for "im_LB[5]" at camera.vhd(266)
Info (10041): Inferred latch for "im_LB[6]" at camera.vhd(266)
Info (10041): Inferred latch for "im_LB[7]" at camera.vhd(266)
Info (12128): Elaborating entity "hex7seg" for hierarchy "hex7seg:hex7seg_0"
Info (12128): Elaborating entity "de2_sram_ctrl" for hierarchy "de2_sram_ctrl:sram_cont"
Info (12128): Elaborating entity "VGA_SYNC2" for hierarchy "VGA_SYNC2:vga_cont2"
Info (13000): Registers with preset signals will power-up high
Info (13003): DEV_CLRn pin will set, and not reset, register with preset signal due to NOT Gate Push-Back
Warning (13024): Output pins are stuck at VCC or GND
    Warning (13410): Pin "ce_n" is stuck at GND
    Warning (13410): Pin "lb_n" is stuck at GND
    Warning (13410): Pin "ub_n" is stuck at GND
    Warning (13410): Pin "VGA_G[0]" is stuck at GND
    Warning (13410): Pin "VGA_G[1]" is stuck at GND
    Warning (13410): Pin "VGA_G[2]" is stuck at GND
    Warning (13410): Pin "VGA_G[3]" is stuck at GND
    Warning (13410): Pin "VGA_G[4]" is stuck at GND
    Warning (13410): Pin "VGA_G[5]" is stuck at GND
    Warning (13410): Pin "VGA_G[6]" is stuck at GND
    Warning (13410): Pin "VGA_G[7]" is stuck at GND
    Warning (13410): Pin "VGA_G[8]" is stuck at GND
    Warning (13410): Pin "VGA_G[9]" is stuck at GND
    Warning (13410): Pin "VGA_B[0]" is stuck at GND
    Warning (13410): Pin "VGA_B[1]" is stuck at GND
    Warning (13410): Pin "VGA_B[2]" is stuck at GND
    Warning (13410): Pin "VGA_B[3]" is stuck at GND
    Warning (13410): Pin "VGA_B[4]" is stuck at GND
    Warning (13410): Pin "VGA_B[5]" is stuck at GND
    Warning (13410): Pin "VGA_B[6]" is stuck at GND
    Warning (13410): Pin "VGA_B[7]" is stuck at GND
    Warning (13410): Pin "VGA_B[8]" is stuck at GND
    Warning (13410): Pin "VGA_B[9]" is stuck at GND
    Warning (13410): Pin "VGA_SYNC" is stuck at GND
    Warning (13410): Pin "LEDR[3]" is stuck at GND
    Warning (13410): Pin "LEDR[4]" is stuck at GND
    Warning (13410): Pin "LEDR[5]" is stuck at GND
    Warning (13410): Pin "LEDR[6]" is stuck at GND
    Warning (13410): Pin "LEDR[7]" is stuck at GND
    Warning (13410): Pin "LEDR[8]" is stuck at GND
    Warning (13410): Pin "LEDR[9]" is stuck at GND
    Warning (13410): Pin "LEDR[10]" is stuck at GND
    Warning (13410): Pin "LEDR[11]" is stuck at GND
    Warning (13410): Pin "LEDR[12]" is stuck at GND
    Warning (13410): Pin "LEDR[13]" is stuck at GND
    Warning (13410): Pin "LEDR[14]" is stuck at GND
    Warning (13410): Pin "LEDR[15]" is stuck at GND
    Warning (13410): Pin "LEDR[16]" is stuck at GND
    Warning (13410): Pin "LEDR[17]" is stuck at GND
    Warning (13410): Pin "LEDG[4]" is stuck at GND
    Warning (13410): Pin "LEDG[5]" is stuck at GND
    Warning (13410): Pin "LEDG[6]" is stuck at GND
    Warning (13410): Pin "LEDG[7]" is stuck at GND
    Warning (13410): Pin "led4[1]" is stuck at GND
Info (16010): Generating hard_block partition "hard_block:auto_generated_inst"
    Info (16011): Adding 0 node(s), including 0 DDIO, 0 PLL, 0 transceiver and 0 LCELL
Info (21057): Implemented 613 device resources after synthesis - the final resource count might be different
    Info (21058): Implemented 14 input pins
    Info (21059): Implemented 141 output pins
    Info (21060): Implemented 16 bidirectional pins
    Info (21061): Implemented 442 logic cells
Info: Quartus II 64-Bit Analysis & Synthesis was successful. 0 errors, 56 warnings
    Info: Peak virtual memory: 491 megabytes
    Info: Processing ended: Fri Apr 25 14:04:40 2014
    Info: Elapsed time: 00:00:03
    Info: Total CPU time (on all processors): 00:00:02


